This is XeTeX, Version 3.141592653-2.6-0.999994 (TeX Live 2022) (preloaded format=xelatex 2023.1.26)  23 SEP 2023 18:21
entering extended mode
 \write18 enabled.
 %&-line parsing enabled.
**document.tex
(./document.tex
LaTeX2e <2021-11-15> patch level 1
L3 programming layer <2022-02-24>
(/usr/local/texlive/2022/texmf-dist/tex/latex/base/article.cls
Document Class: article 2021/10/04 v1.4n Standard LaTeX document class
(/usr/local/texlive/2022/texmf-dist/tex/latex/base/size10.clo
File: size10.clo 2021/10/04 v1.4n Standard LaTeX file (size option)
)
\c@part=\count181
\c@section=\count182
\c@subsection=\count183
\c@subsubsection=\count184
\c@paragraph=\count185
\c@subparagraph=\count186
\c@figure=\count187
\c@table=\count188
\abovecaptionskip=\skip47
\belowcaptionskip=\skip48
\bibindent=\dimen138
)
(/usr/local/texlive/2022/texmf-dist/tex/latex/tabularray/tabularray.sty
(/usr/local/texlive/2022/texmf-dist/tex/latex/l3kernel/expl3.sty
Package: expl3 2022-02-24 L3 programming layer (loader) 

(/usr/local/texlive/2022/texmf-dist/tex/latex/l3backend/l3backend-xetex.def
File: l3backend-xetex.def 2022-02-07 L3 backend support: XeTeX

(|extractbb --version)
\c__kernel_sys_dvipdfmx_version_int=\count189
\l__color_backend_stack_int=\count190
\g__color_backend_stack_int=\count191
\g__graphics_track_int=\count192
\l__pdf_internal_box=\box50
\g__pdf_backend_object_int=\count193
\g__pdf_backend_annotation_int=\count194
\g__pdf_backend_link_int=\count195
))
Package: tabularray 2022-03-01 v2022A Typeset tabulars and arrays with LaTeX3
\l__tblr_a_int=\count196
\l__tblr_c_int=\count197
\l__tblr_r_int=\count198
\l__tblr_d_dim=\dimen139
\l__tblr_h_dim=\dimen140
\l__tblr_o_dim=\dimen141
\l__tblr_p_dim=\dimen142
\l__tblr_q_dim=\dimen143
\l__tblr_r_dim=\dimen144
\l__tblr_s_dim=\dimen145
\l__tblr_t_dim=\dimen146
\l__tblr_v_dim=\dimen147
\l__tblr_w_dim=\dimen148
\l__tblr_a_box=\box51
\l__tblr_b_box=\box52
\l__tblr_c_box=\box53
\l__tblr_d_box=\box54
\g__tblr_table_count_int=\count199
\c@rownum=\count266
\c@colnum=\count267
\c@rowcount=\count268
\c@colcount=\count269
\abovesep=\dimen149
\belowsep=\dimen150
\leftsep=\dimen151
\rightsep=\dimen152
\g_tblr_level_int=\count270
\g__tblr_data_row_key_count_int=\count271
\g__tblr_data_column_key_count_int=\count272
\g__tblr_data_cell_key_count_int=\count273
\g__tblr_array_int=\count274
\l__tblr_key_count_int=\count275
\l__tblr_key_quotient_int=\count276
\l__tblr_key_quotient_two_int=\count277
\l__tblr_key_remainder_int=\count278
\g__tblr_data_str_value_count_int=\count279
\rulewidth=\dimen153
\l__tblr_strut_ht_box=\box55
\l__tblr_strut_dp_box=\box56
\g__tblr_cell_wd_dim=\dimen154
\g__tblr_cell_ht_dim=\dimen155
\g__tblr_cell_head_dim=\dimen156
\g__tblr_cell_foot_dim=\dimen157
\l__column_target_dim=\dimen158
\l__tblr_caption_box=\box57
\l__tblr_caption_left_box=\box58
\l__tblr_row_head_box=\box59
\l__tblr_row_foot_box=\box60
\l__tblr_row_head_foot_dim=\dimen159
\tablewidth=\dimen160
\l__tblr_table_firsthead_box=\box61
\l__tblr_table_middlehead_box=\box62
\l__tblr_table_lasthead_box=\box63
\l__tblr_table_firstfoot_box=\box64
\l__tblr_table_middlefoot_box=\box65
\l__tblr_table_lastfoot_box=\box66
\l__tblr_remain_height_dim=\dimen161
\l__tblr_long_from_int=\count280
\l__tblr_long_to_int=\count281
\l__tblr_curr_i_int=\count282
\l__tblr_prev_i_int=\count283
\l__tblr_table_page_int=\count284
\l__tblr_table_head_box=\box67
\l__tblr_table_foot_box=\box68
\l__tblr_table_head_foot_dim=\dimen162
\l__tblr_table_head_body_foot_dim=\dimen163
\l__tblr_table_box=\box69
\l__tblr_table_hlines_box=\box70
\l__tblr_hline_box=\box71
\l__tblr_row_box=\box72
\l__tblr_col_o_wd_dim=\dimen164
\l__tblr_col_b_wd_dim=\dimen165
\l__tblr_hline_leftskip_dim=\dimen166
\l__tblr_hline_rightskip_dim=\dimen167
\l__tblr_row_ht_dim=\dimen168
\l__tblr_row_dp_dim=\dimen169
\l__tblr_row_abovesep_dim=\dimen170
\l__tblr_row_belowsep_dim=\dimen171
\l__tblr_row_vlines_box=\box73
\l__tblr_vline_box=\box74
\l__tblr_cell_box=\box75
\l__row_upper_dim=\dimen172
\l__row_lower_dim=\dimen173
\l__row_vpace_dim=\dimen174
\l__tblr_vline_aboveskip_dim=\dimen175
\l__tblr_vline_belowskip_dim=\dimen176
\l__tblr_cell_wd_dim=\dimen177
\l__tblr_cell_ht_dim=\dimen178
\l__tblr_diag_box=\box76
)
(/usr/local/texlive/2022/texmf-dist/tex/latex/pgf/frontendlayer/tikz.sty
(/usr/local/texlive/2022/texmf-dist/tex/latex/pgf/basiclayer/pgf.sty
(/usr/local/texlive/2022/texmf-dist/tex/latex/pgf/utilities/pgfrcs.sty
(/usr/local/texlive/2022/texmf-dist/tex/generic/pgf/utilities/pgfutil-common.te
x
\pgfutil@everybye=\toks16
\pgfutil@tempdima=\dimen179
\pgfutil@tempdimb=\dimen180

(/usr/local/texlive/2022/texmf-dist/tex/generic/pgf/utilities/pgfutil-common-li
sts.tex))
(/usr/local/texlive/2022/texmf-dist/tex/generic/pgf/utilities/pgfutil-latex.def
\pgfutil@abb=\box77
) (/usr/local/texlive/2022/texmf-dist/tex/generic/pgf/utilities/pgfrcs.code.tex
(/usr/local/texlive/2022/texmf-dist/tex/generic/pgf/pgf.revision.tex)
Package: pgfrcs 2021/05/15 v3.1.9a (3.1.9a)
))
Package: pgf 2021/05/15 v3.1.9a (3.1.9a)

(/usr/local/texlive/2022/texmf-dist/tex/latex/pgf/basiclayer/pgfcore.sty
(/usr/local/texlive/2022/texmf-dist/tex/latex/graphics/graphicx.sty
Package: graphicx 2021/09/16 v1.2d Enhanced LaTeX Graphics (DPC,SPQR)

(/usr/local/texlive/2022/texmf-dist/tex/latex/graphics/keyval.sty
Package: keyval 2014/10/28 v1.15 key=value parser (DPC)
\KV@toks@=\toks17
)
(/usr/local/texlive/2022/texmf-dist/tex/latex/graphics/graphics.sty
Package: graphics 2021/03/04 v1.4d Standard LaTeX Graphics (DPC,SPQR)

(/usr/local/texlive/2022/texmf-dist/tex/latex/graphics/trig.sty
Package: trig 2021/08/11 v1.11 sin cos tan (DPC)
)
(/usr/local/texlive/2022/texmf-dist/tex/latex/graphics-cfg/graphics.cfg
File: graphics.cfg 2016/06/04 v1.11 sample graphics configuration
)
Package graphics Info: Driver file: xetex.def on input line 107.

(/usr/local/texlive/2022/texmf-dist/tex/latex/graphics-def/xetex.def
File: xetex.def 2021/03/18 v5.0k Graphics/color driver for xetex
))
\Gin@req@height=\dimen181
\Gin@req@width=\dimen182
)
(/usr/local/texlive/2022/texmf-dist/tex/latex/pgf/systemlayer/pgfsys.sty
(/usr/local/texlive/2022/texmf-dist/tex/generic/pgf/systemlayer/pgfsys.code.tex
Package: pgfsys 2021/05/15 v3.1.9a (3.1.9a)
(/usr/local/texlive/2022/texmf-dist/tex/generic/pgf/utilities/pgfkeys.code.tex
\pgfkeys@pathtoks=\toks18
\pgfkeys@temptoks=\toks19

(/usr/local/texlive/2022/texmf-dist/tex/generic/pgf/utilities/pgfkeysfiltered.c
ode.tex
\pgfkeys@tmptoks=\toks20
))
\pgf@x=\dimen183
\pgf@y=\dimen184
\pgf@xa=\dimen185
\pgf@ya=\dimen186
\pgf@xb=\dimen187
\pgf@yb=\dimen188
\pgf@xc=\dimen189
\pgf@yc=\dimen190
\pgf@xd=\dimen191
\pgf@yd=\dimen192
\w@pgf@writea=\write3
\r@pgf@reada=\read2
\c@pgf@counta=\count285
\c@pgf@countb=\count286
\c@pgf@countc=\count287
\c@pgf@countd=\count288
\t@pgf@toka=\toks21
\t@pgf@tokb=\toks22
\t@pgf@tokc=\toks23
\pgf@sys@id@count=\count289

(/usr/local/texlive/2022/texmf-dist/tex/generic/pgf/systemlayer/pgf.cfg
File: pgf.cfg 2021/05/15 v3.1.9a (3.1.9a)
)
Driver file for pgf: pgfsys-xetex.def

(/usr/local/texlive/2022/texmf-dist/tex/generic/pgf/systemlayer/pgfsys-xetex.de
f
File: pgfsys-xetex.def 2021/05/15 v3.1.9a (3.1.9a)

(/usr/local/texlive/2022/texmf-dist/tex/generic/pgf/systemlayer/pgfsys-dvipdfmx
.def
File: pgfsys-dvipdfmx.def 2021/05/15 v3.1.9a (3.1.9a)

(/usr/local/texlive/2022/texmf-dist/tex/generic/pgf/systemlayer/pgfsys-common-p
df.def
File: pgfsys-common-pdf.def 2021/05/15 v3.1.9a (3.1.9a)
)
\pgfsys@objnum=\count290
)))
(/usr/local/texlive/2022/texmf-dist/tex/generic/pgf/systemlayer/pgfsyssoftpath.
code.tex
File: pgfsyssoftpath.code.tex 2021/05/15 v3.1.9a (3.1.9a)
\pgfsyssoftpath@smallbuffer@items=\count291
\pgfsyssoftpath@bigbuffer@items=\count292
)
(/usr/local/texlive/2022/texmf-dist/tex/generic/pgf/systemlayer/pgfsysprotocol.
code.tex
File: pgfsysprotocol.code.tex 2021/05/15 v3.1.9a (3.1.9a)
)) (/usr/local/texlive/2022/texmf-dist/tex/latex/xcolor/xcolor.sty
Package: xcolor 2021/10/31 v2.13 LaTeX color extensions (UK)

(/usr/local/texlive/2022/texmf-dist/tex/latex/graphics-cfg/color.cfg
File: color.cfg 2016/01/02 v1.6 sample color configuration
)
Package xcolor Info: Driver file: xetex.def on input line 227.
Package xcolor Info: Model `cmy' substituted by `cmy0' on input line 1352.
Package xcolor Info: Model `RGB' extended on input line 1368.
Package xcolor Info: Model `HTML' substituted by `rgb' on input line 1370.
Package xcolor Info: Model `Hsb' substituted by `hsb' on input line 1371.
Package xcolor Info: Model `tHsb' substituted by `hsb' on input line 1372.
Package xcolor Info: Model `HSB' substituted by `hsb' on input line 1373.
Package xcolor Info: Model `Gray' substituted by `gray' on input line 1374.
Package xcolor Info: Model `wave' substituted by `hsb' on input line 1375.
)
(/usr/local/texlive/2022/texmf-dist/tex/generic/pgf/basiclayer/pgfcore.code.tex
Package: pgfcore 2021/05/15 v3.1.9a (3.1.9a)
(/usr/local/texlive/2022/texmf-dist/tex/generic/pgf/math/pgfmath.code.tex
(/usr/local/texlive/2022/texmf-dist/tex/generic/pgf/math/pgfmathcalc.code.tex
(/usr/local/texlive/2022/texmf-dist/tex/generic/pgf/math/pgfmathutil.code.tex)
(/usr/local/texlive/2022/texmf-dist/tex/generic/pgf/math/pgfmathparser.code.tex
\pgfmath@dimen=\dimen193
\pgfmath@count=\count293
\pgfmath@box=\box78
\pgfmath@toks=\toks24
\pgfmath@stack@operand=\toks25
\pgfmath@stack@operation=\toks26
)
(/usr/local/texlive/2022/texmf-dist/tex/generic/pgf/math/pgfmathfunctions.code.
tex
(/usr/local/texlive/2022/texmf-dist/tex/generic/pgf/math/pgfmathfunctions.basic
.code.tex)
(/usr/local/texlive/2022/texmf-dist/tex/generic/pgf/math/pgfmathfunctions.trigo
nometric.code.tex)
(/usr/local/texlive/2022/texmf-dist/tex/generic/pgf/math/pgfmathfunctions.rando
m.code.tex)
(/usr/local/texlive/2022/texmf-dist/tex/generic/pgf/math/pgfmathfunctions.compa
rison.code.tex)
(/usr/local/texlive/2022/texmf-dist/tex/generic/pgf/math/pgfmathfunctions.base.
code.tex)
(/usr/local/texlive/2022/texmf-dist/tex/generic/pgf/math/pgfmathfunctions.round
.code.tex)
(/usr/local/texlive/2022/texmf-dist/tex/generic/pgf/math/pgfmathfunctions.misc.
code.tex)
(/usr/local/texlive/2022/texmf-dist/tex/generic/pgf/math/pgfmathfunctions.integ
erarithmetics.code.tex)))
(/usr/local/texlive/2022/texmf-dist/tex/generic/pgf/math/pgfmathfloat.code.tex
\c@pgfmathroundto@lastzeros=\count294
)) (/usr/local/texlive/2022/texmf-dist/tex/generic/pgf/math/pgfint.code.tex)
(/usr/local/texlive/2022/texmf-dist/tex/generic/pgf/basiclayer/pgfcorepoints.co
de.tex
File: pgfcorepoints.code.tex 2021/05/15 v3.1.9a (3.1.9a)
\pgf@picminx=\dimen194
\pgf@picmaxx=\dimen195
\pgf@picminy=\dimen196
\pgf@picmaxy=\dimen197
\pgf@pathminx=\dimen198
\pgf@pathmaxx=\dimen199
\pgf@pathminy=\dimen256
\pgf@pathmaxy=\dimen257
\pgf@xx=\dimen258
\pgf@xy=\dimen259
\pgf@yx=\dimen260
\pgf@yy=\dimen261
\pgf@zx=\dimen262
\pgf@zy=\dimen263
)
(/usr/local/texlive/2022/texmf-dist/tex/generic/pgf/basiclayer/pgfcorepathconst
ruct.code.tex
File: pgfcorepathconstruct.code.tex 2021/05/15 v3.1.9a (3.1.9a)
\pgf@path@lastx=\dimen264
\pgf@path@lasty=\dimen265
)
(/usr/local/texlive/2022/texmf-dist/tex/generic/pgf/basiclayer/pgfcorepathusage
.code.tex
File: pgfcorepathusage.code.tex 2021/05/15 v3.1.9a (3.1.9a)
\pgf@shorten@end@additional=\dimen266
\pgf@shorten@start@additional=\dimen267
)
(/usr/local/texlive/2022/texmf-dist/tex/generic/pgf/basiclayer/pgfcorescopes.co
de.tex
File: pgfcorescopes.code.tex 2021/05/15 v3.1.9a (3.1.9a)
\pgfpic=\box79
\pgf@hbox=\box80
\pgf@layerbox@main=\box81
\pgf@picture@serial@count=\count295
)
(/usr/local/texlive/2022/texmf-dist/tex/generic/pgf/basiclayer/pgfcoregraphicst
ate.code.tex
File: pgfcoregraphicstate.code.tex 2021/05/15 v3.1.9a (3.1.9a)
\pgflinewidth=\dimen268
)
(/usr/local/texlive/2022/texmf-dist/tex/generic/pgf/basiclayer/pgfcoretransform
ations.code.tex
File: pgfcoretransformations.code.tex 2021/05/15 v3.1.9a (3.1.9a)
\pgf@pt@x=\dimen269
\pgf@pt@y=\dimen270
\pgf@pt@temp=\dimen271
)
(/usr/local/texlive/2022/texmf-dist/tex/generic/pgf/basiclayer/pgfcorequick.cod
e.tex
File: pgfcorequick.code.tex 2021/05/15 v3.1.9a (3.1.9a)
)
(/usr/local/texlive/2022/texmf-dist/tex/generic/pgf/basiclayer/pgfcoreobjects.c
ode.tex
File: pgfcoreobjects.code.tex 2021/05/15 v3.1.9a (3.1.9a)
)
(/usr/local/texlive/2022/texmf-dist/tex/generic/pgf/basiclayer/pgfcorepathproce
ssing.code.tex
File: pgfcorepathprocessing.code.tex 2021/05/15 v3.1.9a (3.1.9a)
)
(/usr/local/texlive/2022/texmf-dist/tex/generic/pgf/basiclayer/pgfcorearrows.co
de.tex
File: pgfcorearrows.code.tex 2021/05/15 v3.1.9a (3.1.9a)
\pgfarrowsep=\dimen272
)
(/usr/local/texlive/2022/texmf-dist/tex/generic/pgf/basiclayer/pgfcoreshade.cod
e.tex
File: pgfcoreshade.code.tex 2021/05/15 v3.1.9a (3.1.9a)
\pgf@max=\dimen273
\pgf@sys@shading@range@num=\count296
\pgf@shadingcount=\count297
)
(/usr/local/texlive/2022/texmf-dist/tex/generic/pgf/basiclayer/pgfcoreimage.cod
e.tex
File: pgfcoreimage.code.tex 2021/05/15 v3.1.9a (3.1.9a)

(/usr/local/texlive/2022/texmf-dist/tex/generic/pgf/basiclayer/pgfcoreexternal.
code.tex
File: pgfcoreexternal.code.tex 2021/05/15 v3.1.9a (3.1.9a)
\pgfexternal@startupbox=\box82
))
(/usr/local/texlive/2022/texmf-dist/tex/generic/pgf/basiclayer/pgfcorelayers.co
de.tex
File: pgfcorelayers.code.tex 2021/05/15 v3.1.9a (3.1.9a)
)
(/usr/local/texlive/2022/texmf-dist/tex/generic/pgf/basiclayer/pgfcoretranspare
ncy.code.tex
File: pgfcoretransparency.code.tex 2021/05/15 v3.1.9a (3.1.9a)
)
(/usr/local/texlive/2022/texmf-dist/tex/generic/pgf/basiclayer/pgfcorepatterns.
code.tex
File: pgfcorepatterns.code.tex 2021/05/15 v3.1.9a (3.1.9a)
)
(/usr/local/texlive/2022/texmf-dist/tex/generic/pgf/basiclayer/pgfcorerdf.code.
tex
File: pgfcorerdf.code.tex 2021/05/15 v3.1.9a (3.1.9a)
)))
(/usr/local/texlive/2022/texmf-dist/tex/generic/pgf/modules/pgfmoduleshapes.cod
e.tex
File: pgfmoduleshapes.code.tex 2021/05/15 v3.1.9a (3.1.9a)
\pgfnodeparttextbox=\box83
)
(/usr/local/texlive/2022/texmf-dist/tex/generic/pgf/modules/pgfmoduleplot.code.
tex
File: pgfmoduleplot.code.tex 2021/05/15 v3.1.9a (3.1.9a)
)
(/usr/local/texlive/2022/texmf-dist/tex/latex/pgf/compatibility/pgfcomp-version
-0-65.sty
Package: pgfcomp-version-0-65 2021/05/15 v3.1.9a (3.1.9a)
\pgf@nodesepstart=\dimen274
\pgf@nodesepend=\dimen275
)
(/usr/local/texlive/2022/texmf-dist/tex/latex/pgf/compatibility/pgfcomp-version
-1-18.sty
Package: pgfcomp-version-1-18 2021/05/15 v3.1.9a (3.1.9a)
))
(/usr/local/texlive/2022/texmf-dist/tex/latex/pgf/utilities/pgffor.sty
(/usr/local/texlive/2022/texmf-dist/tex/latex/pgf/utilities/pgfkeys.sty
(/usr/local/texlive/2022/texmf-dist/tex/generic/pgf/utilities/pgfkeys.code.tex)
) (/usr/local/texlive/2022/texmf-dist/tex/latex/pgf/math/pgfmath.sty
(/usr/local/texlive/2022/texmf-dist/tex/generic/pgf/math/pgfmath.code.tex))
(/usr/local/texlive/2022/texmf-dist/tex/generic/pgf/utilities/pgffor.code.tex
Package: pgffor 2021/05/15 v3.1.9a (3.1.9a)

(/usr/local/texlive/2022/texmf-dist/tex/generic/pgf/math/pgfmath.code.tex)
\pgffor@iter=\dimen276
\pgffor@skip=\dimen277
\pgffor@stack=\toks27
\pgffor@toks=\toks28
))
(/usr/local/texlive/2022/texmf-dist/tex/generic/pgf/frontendlayer/tikz/tikz.cod
e.tex
Package: tikz 2021/05/15 v3.1.9a (3.1.9a)

(/usr/local/texlive/2022/texmf-dist/tex/generic/pgf/libraries/pgflibraryplothan
dlers.code.tex
File: pgflibraryplothandlers.code.tex 2021/05/15 v3.1.9a (3.1.9a)
\pgf@plot@mark@count=\count298
\pgfplotmarksize=\dimen278
)
\tikz@lastx=\dimen279
\tikz@lasty=\dimen280
\tikz@lastxsaved=\dimen281
\tikz@lastysaved=\dimen282
\tikz@lastmovetox=\dimen283
\tikz@lastmovetoy=\dimen284
\tikzleveldistance=\dimen285
\tikzsiblingdistance=\dimen286
\tikz@figbox=\box84
\tikz@figbox@bg=\box85
\tikz@tempbox=\box86
\tikz@tempbox@bg=\box87
\tikztreelevel=\count299
\tikznumberofchildren=\count300
\tikznumberofcurrentchild=\count301
\tikz@fig@count=\count302

(/usr/local/texlive/2022/texmf-dist/tex/generic/pgf/modules/pgfmodulematrix.cod
e.tex
File: pgfmodulematrix.code.tex 2021/05/15 v3.1.9a (3.1.9a)
\pgfmatrixcurrentrow=\count303
\pgfmatrixcurrentcolumn=\count304
\pgf@matrix@numberofcolumns=\count305
)
\tikz@expandcount=\count306

(/usr/local/texlive/2022/texmf-dist/tex/generic/pgf/frontendlayer/tikz/librarie
s/tikzlibrarytopaths.code.tex
File: tikzlibrarytopaths.code.tex 2021/05/15 v3.1.9a (3.1.9a)
)))
(/usr/local/texlive/2022/texmf-dist/tex/xelatex/xecjk/xeCJK.sty
Package: xeCJK 2021/12/12 v3.8.8 Typesetting CJK scripts with XeLaTeX

(/usr/local/texlive/2022/texmf-dist/tex/latex/ctex/ctexhook.sty
Package: ctexhook 2021/12/12 v2.5.8 Document and package hooks (CTEX)
)
(/usr/local/texlive/2022/texmf-dist/tex/latex/l3packages/l3keys2e/l3keys2e.sty
Package: l3keys2e 2022-01-12 LaTeX2e option processing using LaTeX3 keys
)
(/usr/local/texlive/2022/texmf-dist/tex/latex/l3packages/xtemplate/xtemplate.st
y
Package: xtemplate 2022-01-12 L3 Experimental prototype document functions
\l__xtemplate_tmp_dim=\dimen287
\l__xtemplate_tmp_int=\count307
\l__xtemplate_tmp_muskip=\muskip16
\l__xtemplate_tmp_skip=\skip49
) (/usr/local/texlive/2022/texmf-dist/tex/latex/l3packages/xparse/xparse.sty
Package: xparse 2022-01-12 L3 Experimental document command parser
)
\l__xeCJK_tmp_int=\count308
\l__xeCJK_tmp_box=\box88
\l__xeCJK_tmp_dim=\dimen288
\l__xeCJK_tmp_skip=\skip50
\g__xeCJK_space_factor_int=\count309
\l__xeCJK_begin_int=\count310
\l__xeCJK_end_int=\count311
\c__xeCJK_CJK_class_int=\XeTeXcharclass1
\c__xeCJK_FullLeft_class_int=\XeTeXcharclass2
\c__xeCJK_FullRight_class_int=\XeTeXcharclass3
\c__xeCJK_HalfLeft_class_int=\XeTeXcharclass4
\c__xeCJK_HalfRight_class_int=\XeTeXcharclass5
\c__xeCJK_NormalSpace_class_int=\XeTeXcharclass6
\c__xeCJK_CM_class_int=\XeTeXcharclass7
\c__xeCJK_HangulJamo_class_int=\XeTeXcharclass8
\l__xeCJK_last_skip=\skip51
\g__xeCJK_node_int=\count312
\c__xeCJK_CJK_node_dim=\dimen289
\c__xeCJK_CJK-space_node_dim=\dimen290
\c__xeCJK_default_node_dim=\dimen291
\c__xeCJK_default-space_node_dim=\dimen292
\c__xeCJK_CJK-widow_node_dim=\dimen293
\c__xeCJK_normalspace_node_dim=\dimen294
\l__xeCJK_ccglue_skip=\skip52
\l__xeCJK_ecglue_skip=\skip53
\l__xeCJK_punct_kern_skip=\skip54
\l__xeCJK_last_penalty_int=\count313
\l__xeCJK_last_bound_dim=\dimen295
\l__xeCJK_last_kern_dim=\dimen296
\l__xeCJK_widow_penalty_int=\count314

Package xtemplate Info: Declaring object type 'xeCJK/punctuation' taking 0
(xtemplate)             argument(s) on line 2337.

\l__xeCJK_fixed_punct_width_dim=\dimen297
\l__xeCJK_mixed_punct_width_dim=\dimen298
\l__xeCJK_middle_punct_width_dim=\dimen299
\l__xeCJK_fixed_margin_width_dim=\dimen300
\l__xeCJK_mixed_margin_width_dim=\dimen301
\l__xeCJK_middle_margin_width_dim=\dimen302
\l__xeCJK_bound_punct_width_dim=\dimen303
\l__xeCJK_bound_margin_width_dim=\dimen304
\l__xeCJK_margin_minimum_dim=\dimen305
\l__xeCJK_kerning_total_width_dim=\dimen306
\l__xeCJK_same_align_margin_dim=\dimen307
\l__xeCJK_different_align_margin_dim=\dimen308
\l__xeCJK_kerning_margin_width_dim=\dimen309
\l__xeCJK_kerning_margin_minimum_dim=\dimen310
\l__xeCJK_bound_dim=\dimen311
\l__xeCJK_reverse_bound_dim=\dimen312
\l__xeCJK_margin_dim=\dimen313
\l__xeCJK_minimum_bound_dim=\dimen314
\l__xeCJK_kerning_margin_dim=\dimen315
\g__xeCJK_family_int=\count315
\l__xeCJK_fam_int=\count316
\g__xeCJK_fam_allocation_int=\count317
\l__xeCJK_verb_case_int=\count318
\l__xeCJK_verb_exspace_skip=\skip55

(/usr/local/texlive/2022/texmf-dist/tex/latex/fontspec/fontspec.sty
Package: fontspec 2022/01/15 v2.8a Font selection for XeLaTeX and LuaLaTeX

(/usr/local/texlive/2022/texmf-dist/tex/latex/fontspec/fontspec-xetex.sty
Package: fontspec-xetex 2022/01/15 v2.8a Font selection for XeLaTeX and LuaLaTe
X
\l__fontspec_script_int=\count319
\l__fontspec_language_int=\count320
\l__fontspec_strnum_int=\count321
\l__fontspec_tmp_int=\count322
\l__fontspec_tmpa_int=\count323
\l__fontspec_tmpb_int=\count324
\l__fontspec_tmpc_int=\count325
\l__fontspec_em_int=\count326
\l__fontspec_emdef_int=\count327
\l__fontspec_strong_int=\count328
\l__fontspec_strongdef_int=\count329
\l__fontspec_tmpa_dim=\dimen316
\l__fontspec_tmpb_dim=\dimen317
\l__fontspec_tmpc_dim=\dimen318

(/usr/local/texlive/2022/texmf-dist/tex/latex/base/fontenc.sty
Package: fontenc 2021/04/29 v2.0v Standard LaTeX package
)
(/usr/local/texlive/2022/texmf-dist/tex/latex/fontspec/fontspec.cfg)))
(/usr/local/texlive/2022/texmf-dist/tex/xelatex/xecjk/xeCJK.cfg
File: xeCJK.cfg 2021/12/12 v3.8.8 Configuration file for xeCJK package
))
(/usr/local/texlive/2022/texmf-dist/tex/latex/amscls/amsthm.sty
Package: amsthm 2020/05/29 v2.20.6
\thm@style=\toks29
\thm@bodyfont=\toks30
\thm@headfont=\toks31
\thm@notefont=\toks32
\thm@headpunct=\toks33
\thm@preskip=\skip56
\thm@postskip=\skip57
\thm@headsep=\skip58
\dth@everypar=\toks34
)
(/usr/local/texlive/2022/texmf-dist/tex/latex/ctex/ctex.sty
Package: ctex 2021/12/12 v2.5.8 Chinese adapter in LaTeX (CTEX)

(/usr/local/texlive/2022/texmf-dist/tex/latex/ctex/ctexpatch.sty
Package: ctexpatch 2021/12/12 v2.5.8 Patching commands (CTEX)
)
(/usr/local/texlive/2022/texmf-dist/tex/latex/base/fix-cm.sty
Package: fix-cm 2020/11/24 v1.1t fixes to LaTeX

(/usr/local/texlive/2022/texmf-dist/tex/latex/base/ts1enc.def
File: ts1enc.def 2001/06/05 v3.0e (jk/car/fm) Standard LaTeX file
LaTeX Font Info:    Redeclaring font encoding TS1 on input line 47.
))
\l__ctex_tmp_int=\count330
\l__ctex_tmp_box=\box89
\l__ctex_tmp_dim=\dimen319
\g__ctex_section_depth_int=\count331
\g__ctex_font_size_int=\count332

(/usr/local/texlive/2022/texmf-dist/tex/latex/ctex/config/ctexopts.cfg
File: ctexopts.cfg 2021/12/12 v2.5.8 Option configuration file (CTEX)
)
(/usr/local/texlive/2022/texmf-dist/tex/latex/ctex/engine/ctex-engine-xetex.def
File: ctex-engine-xetex.def 2021/12/12 v2.5.8 XeLaTeX adapter (CTEX)
\ccwd=\dimen320
\l__ctex_ccglue_skip=\skip59
)
\l__ctex_ziju_dim=\dimen321
 (/usr/local/texlive/2022/texmf-dist/tex/latex/zhnumber/zhnumber.sty
Package: zhnumber 2020/05/01 v2.8 Typesetting numbers with Chinese glyphs
\l__zhnum_scale_int=\count333

(/usr/local/texlive/2022/texmf-dist/tex/latex/zhnumber/zhnumber-utf8.cfg
File: zhnumber-utf8.cfg 2020/05/01 v2.8 Chinese numerals with UTF8 encoding
))
(/usr/local/texlive/2022/texmf-dist/tex/latex/ctex/scheme/ctex-scheme-chinese.d
ef
File: ctex-scheme-chinese.def 2021/12/12 v2.5.8 Chinese scheme for generic (CTE
X)
 (/usr/local/texlive/2022/texmf-dist/tex/latex/ctex/config/ctex-name-utf8.cfg
File: ctex-name-utf8.cfg 2021/12/12 v2.5.8 Caption with encoding UTF-8 (CTEX)
)) (/usr/local/texlive/2022/texmf-dist/tex/latex/tools/indentfirst.sty
Package: indentfirst 1995/11/23 v1.03 Indent first paragraph (DPC)
)
(/usr/local/texlive/2022/texmf-dist/tex/latex/ctex/fontset/ctex-fontset-macnew.
def
File: ctex-fontset-macnew.def 2021/12/12 v2.5.8 macOS fonts definition for El C
apitan or later version (CTEX)


Package fontspec Warning: Font "Songti SC Light" does not contain requested
(fontspec)                Script "CJK".


Package fontspec Info: Font family 'SongtiSCLight(0)' created for font 'Songti
(fontspec)             SC Light' with options
(fontspec)             [Script={CJK},BoldItalicFont={Kaiti SC
(fontspec)             Bold},BoldFont={Songti SC Bold},ItalicFont={Kaiti SC}].
(fontspec)              
(fontspec)              This font family consists of the following NFSS
(fontspec)             series/shapes:
(fontspec)              
(fontspec)             - 'normal' (m/n) with NFSS spec.: <->"Songti SC
(fontspec)             Light/OT:language=dflt;"
(fontspec)             - 'small caps'  (m/sc) with NFSS spec.: 
(fontspec)             - 'bold' (b/n) with NFSS spec.: <->"Songti SC
(fontspec)             Bold/OT:language=dflt;"
(fontspec)             - 'bold small caps'  (b/sc) with NFSS spec.: 
(fontspec)             - 'italic' (m/it) with NFSS spec.: <->"Kaiti
(fontspec)             SC/OT:language=dflt;"
(fontspec)             - 'italic small caps'  (m/scit) with NFSS spec.: 
(fontspec)             - 'bold italic' (b/it) with NFSS spec.: <->"Kaiti SC
(fontspec)             Bold/OT:language=dflt;"
(fontspec)             - 'bold italic small caps'  (b/scit) with NFSS spec.: 

)) (/usr/local/texlive/2022/texmf-dist/tex/latex/ctex/config/ctex.cfg
File: ctex.cfg 2021/12/12 v2.5.8 Configuration file (CTEX)
)
(/usr/local/texlive/2022/texmf-dist/tex/latex/sgame/sgame.sty
\sglabelsep=\skip60
\sgcolsep=\dimen322
\sg@colwd=\dimen323
\sg@xcolwd=\dimen324
\sg@colnum=\count334
\sg@colindex=\count335
\sg@numcols=\count336
\sg@xnumcols=\count337
\sg@rowindex=\count338
\sg@numrows=\count339
\sg@strutbox=\box90
\sg@tempsep=\dimen325
)
(/usr/local/texlive/2022/texmf-dist/tex/latex/geometry/geometry.sty
Package: geometry 2020/01/02 v5.9 Page Geometry

(/usr/local/texlive/2022/texmf-dist/tex/generic/iftex/ifvtex.sty
Package: ifvtex 2019/10/25 v1.7 ifvtex legacy package. Use iftex instead.

(/usr/local/texlive/2022/texmf-dist/tex/generic/iftex/iftex.sty
Package: iftex 2022/02/03 v1.0f TeX engine tests
))
\Gm@cnth=\count340
\Gm@cntv=\count341
\c@Gm@tempcnt=\count342
\Gm@bindingoffset=\dimen326
\Gm@wd@mp=\dimen327
\Gm@odd@mp=\dimen328
\Gm@even@mp=\dimen329
\Gm@layoutwidth=\dimen330
\Gm@layoutheight=\dimen331
\Gm@layouthoffset=\dimen332
\Gm@layoutvoffset=\dimen333
\Gm@dimlist=\toks35
)
(/usr/local/texlive/2022/texmf-dist/tex/latex/amsmath/amsmath.sty
Package: amsmath 2021/10/15 v2.17l AMS math features
\@mathmargin=\skip61

For additional information on amsmath, use the `?' option.
(/usr/local/texlive/2022/texmf-dist/tex/latex/amsmath/amstext.sty
Package: amstext 2021/08/26 v2.01 AMS text

(/usr/local/texlive/2022/texmf-dist/tex/latex/amsmath/amsgen.sty
File: amsgen.sty 1999/11/30 v2.0 generic functions
\@emptytoks=\toks36
\ex@=\dimen334
))
(/usr/local/texlive/2022/texmf-dist/tex/latex/amsmath/amsbsy.sty
Package: amsbsy 1999/11/29 v1.2d Bold Symbols
\pmbraise@=\dimen335
)
(/usr/local/texlive/2022/texmf-dist/tex/latex/amsmath/amsopn.sty
Package: amsopn 2021/08/26 v2.02 operator names
)
\inf@bad=\count343
LaTeX Info: Redefining \frac on input line 234.
\uproot@=\count344
\leftroot@=\count345
LaTeX Info: Redefining \overline on input line 399.
\classnum@=\count346
\DOTSCASE@=\count347
LaTeX Info: Redefining \ldots on input line 496.
LaTeX Info: Redefining \dots on input line 499.
LaTeX Info: Redefining \cdots on input line 620.
\Mathstrutbox@=\box91
\strutbox@=\box92
\big@size=\dimen336
LaTeX Font Info:    Redeclaring font encoding OML on input line 743.
LaTeX Font Info:    Redeclaring font encoding OMS on input line 744.
\macc@depth=\count348
\c@MaxMatrixCols=\count349
\dotsspace@=\muskip17
\c@parentequation=\count350
\dspbrk@lvl=\count351
\tag@help=\toks37
\row@=\count352
\column@=\count353
\maxfields@=\count354
\andhelp@=\toks38
\eqnshift@=\dimen337
\alignsep@=\dimen338
\tagshift@=\dimen339
\tagwidth@=\dimen340
\totwidth@=\dimen341
\lineht@=\dimen342
\@envbody=\toks39
\multlinegap=\skip62
\multlinetaggap=\skip63
\mathdisplay@stack=\toks40
LaTeX Info: Redefining \[ on input line 2938.
LaTeX Info: Redefining \] on input line 2939.
)
(/usr/local/texlive/2022/texmf-dist/tex/latex/amsfonts/amssymb.sty
Package: amssymb 2013/01/14 v3.01 AMS font symbols

(/usr/local/texlive/2022/texmf-dist/tex/latex/amsfonts/amsfonts.sty
Package: amsfonts 2013/01/14 v3.01 Basic AMSFonts support
\symAMSa=\mathgroup4
\symAMSb=\mathgroup5
LaTeX Font Info:    Redeclaring math symbol \hbar on input line 98.
LaTeX Font Info:    Overwriting math alphabet `\mathfrak' in version `bold'
(Font)                  U/euf/m/n --> U/euf/b/n on input line 106.
))
(/usr/local/texlive/2022/texmf-dist/tex/latex/sectsty/sectsty.sty
Package: sectsty 2002/02/25 v2.0.2 Commands to change all sectional heading sty
les


LaTeX Warning: Command \underbar  has changed.
               Check if current package is valid.


LaTeX Warning: Command \underline  has changed.
               Check if current package is valid.

) (/usr/local/texlive/2022/texmf-dist/tex/latex/pgfplots/pgfplots.sty
(/usr/local/texlive/2022/texmf-dist/tex/generic/pgfplots/pgfplots.revision.tex)
Package: pgfplots 2021/05/15 v1.18.1 Data Visualization (1.18.1)
(/usr/local/texlive/2022/texmf-dist/tex/generic/pgfplots/pgfplots.code.tex
(/usr/local/texlive/2022/texmf-dist/tex/generic/pgfplots/pgfplotscore.code.tex
\t@pgfplots@toka=\toks41
\t@pgfplots@tokb=\toks42
\t@pgfplots@tokc=\toks43
\pgfplots@tmpa=\dimen343
\c@pgfplots@coordindex=\count355
\c@pgfplots@scanlineindex=\count356

(/usr/local/texlive/2022/texmf-dist/tex/generic/pgfplots/sys/pgfplotssysgeneric
.code.tex))
(/usr/local/texlive/2022/texmf-dist/tex/generic/pgfplots/libs/pgfplotslibrary.c
ode.tex)
(/usr/local/texlive/2022/texmf-dist/tex/generic/pgfplots/oldpgfcompatib/pgfplot
soldpgfsupp_loader.code.tex
(/usr/local/texlive/2022/texmf-dist/tex/generic/pgf/libraries/pgflibraryfpu.cod
e.tex))
(/usr/local/texlive/2022/texmf-dist/tex/generic/pgfplots/util/pgfplotsutil.code
.tex
(/usr/local/texlive/2022/texmf-dist/tex/generic/pgfplots/liststructure/pgfplots
liststructure.code.tex)
(/usr/local/texlive/2022/texmf-dist/tex/generic/pgfplots/liststructure/pgfplots
liststructureext.code.tex)
(/usr/local/texlive/2022/texmf-dist/tex/generic/pgfplots/liststructure/pgfplots
array.code.tex
\c@pgfplotsarray@tmp=\count357
)
(/usr/local/texlive/2022/texmf-dist/tex/generic/pgfplots/liststructure/pgfplots
matrix.code.tex)
(/usr/local/texlive/2022/texmf-dist/tex/generic/pgfplots/numtable/pgfplotstable
shared.code.tex
\c@pgfplotstable@counta=\count358
\t@pgfplotstable@a=\toks44
)
(/usr/local/texlive/2022/texmf-dist/tex/generic/pgfplots/liststructure/pgfplots
deque.code.tex)
(/usr/local/texlive/2022/texmf-dist/tex/generic/pgfplots/util/pgfplotsbinary.co
de.tex
(/usr/local/texlive/2022/texmf-dist/tex/generic/pgfplots/util/pgfplotsbinary.da
ta.code.tex))
(/usr/local/texlive/2022/texmf-dist/tex/generic/pgfplots/util/pgfplotsutil.verb
.code.tex)
(/usr/local/texlive/2022/texmf-dist/tex/generic/pgfplots/libs/pgflibrarypgfplot
s.surfshading.code.tex
\c@pgfplotslibrarysurf@no=\count359

(/usr/local/texlive/2022/texmf-dist/tex/generic/pgfplots/sys/pgflibrarypgfplots
.surfshading.pgfsys-xetex.def
(/usr/local/texlive/2022/texmf-dist/tex/generic/pgfplots/sys/pgflibrarypgfplots
.surfshading.pgfsys-dvipdfmx.def
\c@pgfplotslibrarysurf@streamlen=\count360
))))
(/usr/local/texlive/2022/texmf-dist/tex/generic/pgfplots/util/pgfplotscolormap.
code.tex
(/usr/local/texlive/2022/texmf-dist/tex/generic/pgfplots/util/pgfplotscolor.cod
e.tex))
(/usr/local/texlive/2022/texmf-dist/tex/generic/pgfplots/pgfplotsstackedplots.c
ode.tex)
(/usr/local/texlive/2022/texmf-dist/tex/generic/pgfplots/pgfplotsplothandlers.c
ode.tex
(/usr/local/texlive/2022/texmf-dist/tex/generic/pgfplots/pgfplotsmeshplothandle
r.code.tex
(/usr/local/texlive/2022/texmf-dist/tex/generic/pgfplots/pgfplotsmeshplotimage.
code.tex)))
(/usr/local/texlive/2022/texmf-dist/tex/generic/pgfplots/pgfplots.scaling.code.
tex)
(/usr/local/texlive/2022/texmf-dist/tex/generic/pgfplots/pgfplotscoordprocessin
g.code.tex)
(/usr/local/texlive/2022/texmf-dist/tex/generic/pgfplots/pgfplots.errorbars.cod
e.tex)
(/usr/local/texlive/2022/texmf-dist/tex/generic/pgfplots/pgfplots.markers.code.
tex)
(/usr/local/texlive/2022/texmf-dist/tex/generic/pgfplots/pgfplotsticks.code.tex
)
(/usr/local/texlive/2022/texmf-dist/tex/generic/pgfplots/pgfplots.paths.code.te
x)
(/usr/local/texlive/2022/texmf-dist/tex/generic/pgf/frontendlayer/tikz/librarie
s/tikzlibrarydecorations.code.tex
(/usr/local/texlive/2022/texmf-dist/tex/generic/pgf/modules/pgfmoduledecoration
s.code.tex
\pgfdecoratedcompleteddistance=\dimen344
\pgfdecoratedremainingdistance=\dimen345
\pgfdecoratedinputsegmentcompleteddistance=\dimen346
\pgfdecoratedinputsegmentremainingdistance=\dimen347
\pgf@decorate@distancetomove=\dimen348
\pgf@decorate@repeatstate=\count361
\pgfdecorationsegmentamplitude=\dimen349
\pgfdecorationsegmentlength=\dimen350
)
\tikz@lib@dec@box=\box93
)
(/usr/local/texlive/2022/texmf-dist/tex/generic/pgf/frontendlayer/tikz/librarie
s/tikzlibrarydecorations.pathmorphing.code.tex
(/usr/local/texlive/2022/texmf-dist/tex/generic/pgf/libraries/decorations/pgfli
brarydecorations.pathmorphing.code.tex))
(/usr/local/texlive/2022/texmf-dist/tex/generic/pgf/frontendlayer/tikz/librarie
s/tikzlibrarydecorations.pathreplacing.code.tex
(/usr/local/texlive/2022/texmf-dist/tex/generic/pgf/libraries/decorations/pgfli
brarydecorations.pathreplacing.code.tex))
(/usr/local/texlive/2022/texmf-dist/tex/generic/pgfplots/libs/tikzlibrarypgfplo
ts.contourlua.code.tex)
\pgfplots@numplots=\count362
\pgfplots@xmin@reg=\dimen351
\pgfplots@xmax@reg=\dimen352
\pgfplots@ymin@reg=\dimen353
\pgfplots@ymax@reg=\dimen354
\pgfplots@zmin@reg=\dimen355
\pgfplots@zmax@reg=\dimen356
)
(/usr/local/texlive/2022/texmf-dist/tex/generic/pgf/frontendlayer/tikz/librarie
s/tikzlibraryplotmarks.code.tex
File: tikzlibraryplotmarks.code.tex 2021/05/15 v3.1.9a (3.1.9a)

(/usr/local/texlive/2022/texmf-dist/tex/generic/pgf/libraries/pgflibraryplotmar
ks.code.tex
File: pgflibraryplotmarks.code.tex 2021/05/15 v3.1.9a (3.1.9a)
)))
(/usr/local/texlive/2022/texmf-dist/tex/latex/pgf-pie/pgf-pie.sty
Package: pgf-pie 2021/07/30 v0.6 Some LaTeX macros for pie chart by using PGF/T
ikz package.

(/usr/local/texlive/2022/texmf-dist/tex/latex/pgf-pie/tikzlibrarypie.code.tex
(/usr/local/texlive/2022/texmf-dist/tex/latex/carlisle/scalefnt.sty)
\pgfpie@angleEnd=\dimen357
\pgfpie@explodeLength=\count363
\pgfpie@colorLength=\count364
\pgfpie@sliceLength=\count365
))
(/usr/local/texlive/2022/texmf-dist/tex/latex/base/exscale.sty
Package: exscale 2018/09/24 v2.1i Standard LaTeX package exscale
LaTeX Font Info:    Redeclaring symbol font `largesymbols' on input line 57.
LaTeX Font Info:    Overwriting symbol font `largesymbols' in version `normal'
(Font)                  OMX/cmex/m/n --> OMX/cmex/m/n on input line 57.
LaTeX Font Info:    Overwriting symbol font `largesymbols' in version `bold'
(Font)                  OMX/cmex/m/n --> OMX/cmex/m/n on input line 57.
\big@size=\dimen358
)
(/usr/local/texlive/2022/texmf-dist/tex/latex/relsize/relsize.sty
Package: relsize 2013/03/29 ver 4.1
)
(/usr/local/texlive/2022/texmf-dist/tex/latex/float/float.sty
Package: float 2001/11/08 v1.3d Float enhancements (AL)
\c@float@type=\count366
\float@exts=\toks45
\float@box=\box94
\@float@everytoks=\toks46
\@floatcapt=\box95
)
(/usr/local/texlive/2022/texmf-dist/tex/generic/pgf/frontendlayer/tikz/librarie
s/tikzlibraryshapes.code.tex
File: tikzlibraryshapes.code.tex 2021/05/15 v3.1.9a (3.1.9a)

(/usr/local/texlive/2022/texmf-dist/tex/generic/pgf/frontendlayer/tikz/librarie
s/tikzlibraryshapes.geometric.code.tex
File: tikzlibraryshapes.geometric.code.tex 2021/05/15 v3.1.9a (3.1.9a)

(/usr/local/texlive/2022/texmf-dist/tex/generic/pgf/libraries/shapes/pgflibrary
shapes.geometric.code.tex
File: pgflibraryshapes.geometric.code.tex 2021/05/15 v3.1.9a (3.1.9a)
))
(/usr/local/texlive/2022/texmf-dist/tex/generic/pgf/frontendlayer/tikz/librarie
s/tikzlibraryshapes.misc.code.tex
File: tikzlibraryshapes.misc.code.tex 2021/05/15 v3.1.9a (3.1.9a)

(/usr/local/texlive/2022/texmf-dist/tex/generic/pgf/libraries/shapes/pgflibrary
shapes.misc.code.tex
File: pgflibraryshapes.misc.code.tex 2021/05/15 v3.1.9a (3.1.9a)
))
(/usr/local/texlive/2022/texmf-dist/tex/generic/pgf/frontendlayer/tikz/librarie
s/tikzlibraryshapes.symbols.code.tex
File: tikzlibraryshapes.symbols.code.tex 2021/05/15 v3.1.9a (3.1.9a)

(/usr/local/texlive/2022/texmf-dist/tex/generic/pgf/libraries/shapes/pgflibrary
shapes.symbols.code.tex
File: pgflibraryshapes.symbols.code.tex 2021/05/15 v3.1.9a (3.1.9a)
))
(/usr/local/texlive/2022/texmf-dist/tex/generic/pgf/frontendlayer/tikz/librarie
s/tikzlibraryshapes.arrows.code.tex
File: tikzlibraryshapes.arrows.code.tex 2021/05/15 v3.1.9a (3.1.9a)

(/usr/local/texlive/2022/texmf-dist/tex/generic/pgf/libraries/shapes/pgflibrary
shapes.arrows.code.tex
File: pgflibraryshapes.arrows.code.tex 2021/05/15 v3.1.9a (3.1.9a)
))
(/usr/local/texlive/2022/texmf-dist/tex/generic/pgf/frontendlayer/tikz/librarie
s/tikzlibraryshapes.callouts.code.tex
(/usr/local/texlive/2022/texmf-dist/tex/generic/pgf/libraries/shapes/pgflibrary
shapes.callouts.code.tex))
(/usr/local/texlive/2022/texmf-dist/tex/generic/pgf/frontendlayer/tikz/librarie
s/tikzlibraryshapes.multipart.code.tex
File: tikzlibraryshapes.multipart.code.tex 2021/05/15 v3.1.9a (3.1.9a)

(/usr/local/texlive/2022/texmf-dist/tex/generic/pgf/libraries/shapes/pgflibrary
shapes.multipart.code.tex
File: pgflibraryshapes.multipart.code.tex 2021/05/15 v3.1.9a (3.1.9a)
\pgfnodepartlowerbox=\box96
\pgfnodeparttwobox=\box97
\pgfnodepartthreebox=\box98
\pgfnodepartfourbox=\box99
\pgfnodeparttwentybox=\box100
\pgfnodepartnineteenbox=\box101
\pgfnodeparteighteenbox=\box102
\pgfnodepartseventeenbox=\box103
\pgfnodepartsixteenbox=\box104
\pgfnodepartfifteenbox=\box105
\pgfnodepartfourteenbox=\box106
\pgfnodepartthirteenbox=\box107
\pgfnodeparttwelvebox=\box108
\pgfnodepartelevenbox=\box109
\pgfnodeparttenbox=\box110
\pgfnodepartninebox=\box111
\pgfnodeparteightbox=\box112
\pgfnodepartsevenbox=\box113
\pgfnodepartsixbox=\box114
\pgfnodepartfivebox=\box115
)))
(/usr/local/texlive/2022/texmf-dist/tex/generic/pgf/frontendlayer/tikz/librarie
s/tikzlibraryarrows.code.tex
File: tikzlibraryarrows.code.tex 2021/05/15 v3.1.9a (3.1.9a)

(/usr/local/texlive/2022/texmf-dist/tex/generic/pgf/libraries/pgflibraryarrows.
code.tex
File: pgflibraryarrows.code.tex 2021/05/15 v3.1.9a (3.1.9a)
\arrowsize=\dimen359
)) (/usr/local/texlive/2022/texmf-dist/tex/latex/hyperref/hyperref.sty
Package: hyperref 2022-02-21 v7.00n Hypertext links for LaTeX

(/usr/local/texlive/2022/texmf-dist/tex/generic/ltxcmds/ltxcmds.sty
Package: ltxcmds 2020-05-10 v1.25 LaTeX kernel commands for general use (HO)
)
(/usr/local/texlive/2022/texmf-dist/tex/generic/pdftexcmds/pdftexcmds.sty
Package: pdftexcmds 2020-06-27 v0.33 Utility functions of pdfTeX for LuaTeX (HO
)

(/usr/local/texlive/2022/texmf-dist/tex/generic/infwarerr/infwarerr.sty
Package: infwarerr 2019/12/03 v1.5 Providing info/warning/error messages (HO)
)
Package pdftexcmds Info: \pdf@primitive is available.
Package pdftexcmds Info: \pdf@ifprimitive is available.
Package pdftexcmds Info: \pdfdraftmode not found.
)
(/usr/local/texlive/2022/texmf-dist/tex/generic/kvsetkeys/kvsetkeys.sty
Package: kvsetkeys 2019/12/15 v1.18 Key value parser (HO)
)
(/usr/local/texlive/2022/texmf-dist/tex/generic/kvdefinekeys/kvdefinekeys.sty
Package: kvdefinekeys 2019-12-19 v1.6 Define keys (HO)
)
(/usr/local/texlive/2022/texmf-dist/tex/generic/pdfescape/pdfescape.sty
Package: pdfescape 2019/12/09 v1.15 Implements pdfTeX's escape features (HO)
)
(/usr/local/texlive/2022/texmf-dist/tex/latex/hycolor/hycolor.sty
Package: hycolor 2020-01-27 v1.10 Color options for hyperref/bookmark (HO)
)
(/usr/local/texlive/2022/texmf-dist/tex/latex/letltxmacro/letltxmacro.sty
Package: letltxmacro 2019/12/03 v1.6 Let assignment for LaTeX macros (HO)
)
(/usr/local/texlive/2022/texmf-dist/tex/latex/auxhook/auxhook.sty
Package: auxhook 2019-12-17 v1.6 Hooks for auxiliary files (HO)
)
(/usr/local/texlive/2022/texmf-dist/tex/latex/kvoptions/kvoptions.sty
Package: kvoptions 2020-10-07 v3.14 Key value format for package options (HO)
)
\@linkdim=\dimen360
\Hy@linkcounter=\count367
\Hy@pagecounter=\count368

(/usr/local/texlive/2022/texmf-dist/tex/latex/hyperref/pd1enc.def
File: pd1enc.def 2022-02-21 v7.00n Hyperref: PDFDocEncoding definition (HO)
)
(/usr/local/texlive/2022/texmf-dist/tex/generic/intcalc/intcalc.sty
Package: intcalc 2019/12/15 v1.3 Expandable calculations with integers (HO)
)
(/usr/local/texlive/2022/texmf-dist/tex/generic/etexcmds/etexcmds.sty
Package: etexcmds 2019/12/15 v1.7 Avoid name clashes with e-TeX commands (HO)
)
\Hy@SavedSpaceFactor=\count369

(/usr/local/texlive/2022/texmf-dist/tex/latex/hyperref/puenc.def
File: puenc.def 2022-02-21 v7.00n Hyperref: PDF Unicode definition (HO)
)
Package hyperref Info: Option `unicode' set `true' on input line 4018.
Package hyperref Info: Hyper figures OFF on input line 4137.
Package hyperref Info: Link nesting OFF on input line 4142.
Package hyperref Info: Hyper index ON on input line 4145.
Package hyperref Info: Plain pages OFF on input line 4152.
Package hyperref Info: Backreferencing OFF on input line 4157.
Package hyperref Info: Implicit mode ON; LaTeX internals redefined.
Package hyperref Info: Bookmarks ON on input line 4390.
\c@Hy@tempcnt=\count370

(/usr/local/texlive/2022/texmf-dist/tex/latex/url/url.sty
\Urlmuskip=\muskip18
Package: url 2013/09/16  ver 3.4  Verb mode for urls, etc.
)
LaTeX Info: Redefining \url on input line 4749.
\XeTeXLinkMargin=\dimen361

(/usr/local/texlive/2022/texmf-dist/tex/generic/bitset/bitset.sty
Package: bitset 2019/12/09 v1.3 Handle bit-vector datatype (HO)

(/usr/local/texlive/2022/texmf-dist/tex/generic/bigintcalc/bigintcalc.sty
Package: bigintcalc 2019/12/15 v1.5 Expandable calculations on big integers (HO
)
))
\Fld@menulength=\count371
\Field@Width=\dimen362
\Fld@charsize=\dimen363
Package hyperref Info: Hyper figures OFF on input line 6027.
Package hyperref Info: Link nesting OFF on input line 6032.
Package hyperref Info: Hyper index ON on input line 6035.
Package hyperref Info: backreferencing OFF on input line 6042.
Package hyperref Info: Link coloring OFF on input line 6047.
Package hyperref Info: Link coloring with OCG OFF on input line 6052.
Package hyperref Info: PDF/A mode OFF on input line 6057.
LaTeX Info: Redefining \ref on input line 6097.
LaTeX Info: Redefining \pageref on input line 6101.

(/usr/local/texlive/2022/texmf-dist/tex/latex/base/atbegshi-ltx.sty
Package: atbegshi-ltx 2021/01/10 v1.0c Emulation of the original atbegshi
package with kernel methods
)
\Hy@abspage=\count372
\c@Item=\count373
\c@Hfootnote=\count374
)
Package hyperref Info: Driver (autodetected): hxetex.

(/usr/local/texlive/2022/texmf-dist/tex/latex/hyperref/hxetex.def
File: hxetex.def 2022-02-21 v7.00n Hyperref driver for XeTeX

(/usr/local/texlive/2022/texmf-dist/tex/generic/stringenc/stringenc.sty
Package: stringenc 2019/11/29 v1.12 Convert strings between diff. encodings (HO
)
)
\pdfm@box=\box116
\c@Hy@AnnotLevel=\count375
\HyField@AnnotCount=\count376
\Fld@listcount=\count377
\c@bookmark@seq@number=\count378

(/usr/local/texlive/2022/texmf-dist/tex/latex/rerunfilecheck/rerunfilecheck.sty
Package: rerunfilecheck 2019/12/05 v1.9 Rerun checks for auxiliary files (HO)
(/usr/local/texlive/2022/texmf-dist/tex/latex/base/atveryend-ltx.sty
Package: atveryend-ltx 2020/08/19 v1.0a Emulation of the original atveryend pac
kage
with kernel methods
)
(/usr/local/texlive/2022/texmf-dist/tex/generic/uniquecounter/uniquecounter.sty
Package: uniquecounter 2019/12/15 v1.4 Provide unlimited unique counter (HO)
)
Package uniquecounter Info: New unique counter `rerunfilecheck' on input line 2
86.
)
\Hy@SectionHShift=\skip64
) (/usr/local/texlive/2022/texmf-dist/tex/latex/marvosym/marvosym.sty
Package: marvosym 2011/07/20 v2.2 Martin Vogel's Symbols font definitions
)
(/usr/local/texlive/2022/texmf-dist/tex/latex/minted/minted.sty
Package: minted 2021/12/24 v2.6 Yet another Pygments shim for LaTeX

(/usr/local/texlive/2022/texmf-dist/tex/latex/fvextra/fvextra.sty
Package: fvextra 2019/02/04 v1.4 fvextra - extensions and patches for fancyvrb

(/usr/local/texlive/2022/texmf-dist/tex/latex/base/ifthen.sty
Package: ifthen 2020/11/24 v1.1c Standard LaTeX ifthen package (DPC)
)
(/usr/local/texlive/2022/texmf-dist/tex/latex/etoolbox/etoolbox.sty
Package: etoolbox 2020/10/05 v2.5k e-TeX tools for LaTeX (JAW)
\etb@tempcnta=\count379
)
(/usr/local/texlive/2022/texmf-dist/tex/latex/fancyvrb/fancyvrb.sty
Package: fancyvrb 2021/12/21 4.1b verbatim text (tvz,hv)
\FV@CodeLineNo=\count380
\FV@InFile=\read3
\FV@TabBox=\box117
\c@FancyVerbLine=\count381
\FV@StepNumber=\count382
\FV@OutFile=\write4
)
(/usr/local/texlive/2022/texmf-dist/tex/latex/upquote/upquote.sty
Package: upquote 2012/04/19 v1.3 upright-quote and grave-accent glyphs in verba
tim

(/usr/local/texlive/2022/texmf-dist/tex/latex/base/textcomp.sty
Package: textcomp 2020/02/02 v2.0n Standard LaTeX package
))
(/usr/local/texlive/2022/texmf-dist/tex/latex/lineno/lineno.sty
Package: lineno 2005/11/02 line numbers on paragraphs v4.41
Invalid UTF-8 byte or sequence at line 296 replaced by U+FFFD.
\linenopenalty=\count383
\output=\toks47
\linenoprevgraf=\count384
\linenumbersep=\dimen364
\linenumberwidth=\dimen365
\c@linenumber=\count385
\c@pagewiselinenumber=\count386
\c@LN@truepage=\count387
\c@internallinenumber=\count388
\c@internallinenumbers=\count389
\quotelinenumbersep=\dimen366
\bframerule=\dimen367
\bframesep=\dimen368
\bframebox=\box118
LaTeX Info: Redefining \\ on input line 3056.
)
\c@FV@TrueTabGroupLevel=\count390
\c@FV@TrueTabCounter=\count391
\FV@TabBox@Group=\box119
\FV@TmpLength=\skip65
\c@FV@HighlightLinesStart=\count392
\c@FV@HighlightLinesStop=\count393
\FV@LoopCount=\count394
\FV@NCharsBox=\box120
\FV@BreakIndent=\dimen369
\FV@BreakIndentNChars=\count395
\FV@BreakSymbolSepLeft=\dimen370
\FV@BreakSymbolSepLeftNChars=\count396
\FV@BreakSymbolSepRight=\dimen371
\FV@BreakSymbolSepRightNChars=\count397
\FV@BreakSymbolIndentLeft=\dimen372
\FV@BreakSymbolIndentLeftNChars=\count398
\FV@BreakSymbolIndentRight=\dimen373
\FV@BreakSymbolIndentRightNChars=\count399
\c@FancyVerbLineBreakLast=\count400
\FV@LineBox=\box121
\FV@LineIndentBox=\box122
\FV@LineWidth=\dimen374
)
(/usr/local/texlive/2022/texmf-dist/tex/latex/tools/calc.sty
Package: calc 2017/05/25 v4.3 Infix arithmetic (KKT,FJ)
\calc@Acount=\count401
\calc@Bcount=\count402
\calc@Adimen=\dimen375
\calc@Bdimen=\dimen376
\calc@Askip=\skip66
\calc@Bskip=\skip67
LaTeX Info: Redefining \setlength on input line 80.
LaTeX Info: Redefining \addtolength on input line 81.
\calc@Ccount=\count403
\calc@Cskip=\skip68
)
(/usr/local/texlive/2022/texmf-dist/tex/latex/tools/shellesc.sty
Package: shellesc 2019/11/08 v1.0c unified shell escape interface for LaTeX
Package shellesc Info: Unrestricted shell escape enabled on input line 75.
)
(/usr/local/texlive/2022/texmf-dist/tex/latex/ifplatform/ifplatform.sty
Package: ifplatform 2017/10/13 v0.4a Testing for the operating system

(/usr/local/texlive/2022/texmf-dist/tex/generic/catchfile/catchfile.sty
Package: catchfile 2019/12/09 v1.8 Catch the contents of a file (HO)
)
(/usr/local/texlive/2022/texmf-dist/tex/generic/iftex/ifluatex.sty
Package: ifluatex 2019/10/25 v1.5 ifluatex legacy package. Use iftex instead.
)
runsystem(uname -s > "document.w18")...executed.


(./document.w18)
runsystem(rm -- "document.w18")...executed.

)
(/usr/local/texlive/2022/texmf-dist/tex/generic/xstring/xstring.sty
(/usr/local/texlive/2022/texmf-dist/tex/generic/xstring/xstring.tex
\integerpart=\count404
\decimalpart=\count405
)
Package: xstring 2021/07/21 v1.84 String manipulations (CT)
)
(/usr/local/texlive/2022/texmf-dist/tex/latex/framed/framed.sty
Package: framed 2011/10/22 v 0.96: framed or shaded text with page breaks
\OuterFrameSep=\skip69
\fb@frw=\dimen377
\fb@frh=\dimen378
\FrameRule=\dimen379
\FrameSep=\dimen380
)
\minted@appexistsfile=\read4
\minted@bgbox=\box123
\minted@code=\write5
\c@minted@FancyVerbLineTemp=\count406
\c@minted@pygmentizecounter=\count407
\@float@every@listing=\toks48
\c@listing=\count408
)
runsystem(mkdir -p _minted-document)...executed.


(/usr/local/texlive/2022/texmf-dist/tex/latex/memorygraphs/memorygraphs.sty
Package: memorygraphs 2019/01/06 v0.1.1 Draw memory graphs using TikZ

(/usr/local/texlive/2022/texmf-dist/tex/generic/pgf/libraries/pgflibraryarrows.
meta.code.tex
File: pgflibraryarrows.meta.code.tex 2021/05/15 v3.1.9a (3.1.9a)
\pgfarrowinset=\dimen381
\pgfarrowlength=\dimen382
\pgfarrowwidth=\dimen383
\pgfarrowlinewidth=\dimen384
)
(/usr/local/texlive/2022/texmf-dist/tex/generic/pgf/frontendlayer/tikz/librarie
s/tikzlibrarycalc.code.tex
File: tikzlibrarycalc.code.tex 2021/05/15 v3.1.9a (3.1.9a)
)
(/usr/local/texlive/2022/texmf-dist/tex/generic/pgf/frontendlayer/tikz/librarie
s/tikzlibrarypositioning.code.tex
File: tikzlibrarypositioning.code.tex 2021/05/15 v3.1.9a (3.1.9a)
)
\memorygraphs@marklength=\dimen385
)
(/usr/local/texlive/2022/texmf-dist/tex/generic/pgf/frontendlayer/tikz/librarie
s/tikzlibrarychains.code.tex
File: tikzlibrarychains.code.tex 2021/05/15 v3.1.9a (3.1.9a)
)
(/usr/local/texlive/2022/texmf-dist/tex/latex/caption/caption.sty
Package: caption 2022/03/01 v3.6b Customizing captions (AR)

(/usr/local/texlive/2022/texmf-dist/tex/latex/caption/caption3.sty
Package: caption3 2022/03/17 v2.3b caption3 kernel (AR)
\caption@tempdima=\dimen386
\captionmargin=\dimen387
\caption@leftmargin=\dimen388
\caption@rightmargin=\dimen389
\caption@width=\dimen390
\caption@indent=\dimen391
\caption@parindent=\dimen392
\caption@hangindent=\dimen393
Package caption Info: Standard document class detected.
)
\c@caption@flags=\count409
\c@continuedfloat=\count410
Package caption Info: float package is loaded.
Package caption Info: hyperref package is loaded.
)
(/usr/local/texlive/2022/texmf-dist/tex/latex/makecell/makecell.sty
Package: makecell 2009/08/03 V0.1e Managing of Tab Column Heads and Cells

(/usr/local/texlive/2022/texmf-dist/tex/latex/tools/array.sty
Package: array 2021/10/04 v2.5f Tabular extension package (FMi)
\col@sep=\dimen394
\ar@mcellbox=\box124
\extrarowheight=\dimen395
\NC@list=\toks49
\extratabsurround=\skip70
\backup@length=\skip71
\ar@cellbox=\box125
)
\rotheadsize=\dimen396
\c@nlinenum=\count411
\TeXr@lab=\toks50
)
\c@definition=\count412
\c@theorem=\count413

(/usr/local/texlive/2022/texmf-dist/tex/latex/tcolorbox/tcolorbox.sty
Package: tcolorbox 2022/01/07 version 5.0.2 text color boxes

(/usr/local/texlive/2022/texmf-dist/tex/latex/tools/verbatim.sty
Package: verbatim 2020-07-07 v1.5u LaTeX2e package for verbatim enhancements
\every@verbatim=\toks51
\verbatim@line=\toks52
\verbatim@in@stream=\read5
)
(/usr/local/texlive/2022/texmf-dist/tex/latex/environ/environ.sty
Package: environ 2014/05/04 v0.3 A new way to define environments

(/usr/local/texlive/2022/texmf-dist/tex/latex/trimspaces/trimspaces.sty
Package: trimspaces 2009/09/17 v1.1 Trim spaces around a token list
))
\tcb@titlebox=\box126
\tcb@upperbox=\box127
\tcb@lowerbox=\box128
\tcb@phantombox=\box129
\c@tcbbreakpart=\count414
\c@tcblayer=\count415
\c@tcolorbox@number=\count416
\tcb@temp=\box130
\tcb@temp=\box131
\tcb@temp=\box132
\tcb@temp=\box133

(/usr/local/texlive/2022/texmf-dist/tex/latex/tcolorbox/tcbskins.code.tex
Library (tcolorbox): 'tcbskins.code.tex' version '5.0.2'
\tcb@waterbox=\box134

(/usr/local/texlive/2022/texmf-dist/tex/latex/tcolorbox/tcbskinsjigsaw.code.tex
Library (tcolorbox): 'tcbskinsjigsaw.code.tex' version '5.0.2'
)))
(/usr/local/texlive/2022/texmf-dist/tex/latex/tcolorbox/tcbbreakable.code.tex
Library (tcolorbox): 'tcbbreakable.code.tex' version '5.0.2'
(/usr/local/texlive/2022/texmf-dist/tex/generic/oberdiek/pdfcol.sty
Package: pdfcol 2019/12/29 v1.6 Handle new color stacks for pdfTeX (HO)
Package pdfcol Info: Interface disabled because of missing PDF mode of pdfTeX.
)
Package pdfcol Info: pdfTeX's color stacks are not available.
\tcb@testbox=\box135
\tcb@totalupperbox=\box136
\tcb@totallowerbox=\box137
)
(/usr/local/texlive/2022/texmf-dist/tex/latex/fancyhdr/fancyhdr.sty
Package: fancyhdr 2021/01/28 v4.0.1 Extensive control of page headers and foote
rs
\f@nch@headwidth=\skip72
\f@nch@O@elh=\skip73
\f@nch@O@erh=\skip74
\f@nch@O@olh=\skip75
\f@nch@O@orh=\skip76
\f@nch@O@elf=\skip77
\f@nch@O@erf=\skip78
\f@nch@O@olf=\skip79
\f@nch@O@orf=\skip80
)
runsystem(which pygmentize && touch document.aex)...executed.

runsystem(rm document.aex)...executed.


(./document.aux)
\openout1 = `document.aux'.

LaTeX Font Info:    Checking defaults for OML/cmm/m/it on input line 45.
LaTeX Font Info:    ... okay on input line 45.
LaTeX Font Info:    Checking defaults for OMS/cmsy/m/n on input line 45.
LaTeX Font Info:    ... okay on input line 45.
LaTeX Font Info:    Checking defaults for OT1/cmr/m/n on input line 45.
LaTeX Font Info:    ... okay on input line 45.
LaTeX Font Info:    Checking defaults for T1/cmr/m/n on input line 45.
LaTeX Font Info:    ... okay on input line 45.
LaTeX Font Info:    Checking defaults for TS1/cmr/m/n on input line 45.
LaTeX Font Info:    ... okay on input line 45.
LaTeX Font Info:    Checking defaults for TU/lmr/m/n on input line 45.
LaTeX Font Info:    ... okay on input line 45.
LaTeX Font Info:    Checking defaults for OMX/cmex/m/n on input line 45.
LaTeX Font Info:    ... okay on input line 45.
LaTeX Font Info:    Checking defaults for U/cmr/m/n on input line 45.
LaTeX Font Info:    ... okay on input line 45.
LaTeX Font Info:    Checking defaults for PD1/pdf/m/n on input line 45.
LaTeX Font Info:    ... okay on input line 45.
LaTeX Font Info:    Checking defaults for PU/pdf/m/n on input line 45.
LaTeX Font Info:    ... okay on input line 45.

(/usr/local/texlive/2022/texmf-dist/tex/latex/ninecolors/ninecolors.sty
Package: ninecolors 2022-02-13 vv2022D Select colors with proper color contrast

)

Package fontspec Info: Adjusting the maths setup (use [no-math] to avoid
(fontspec)             this).

\symlegacymaths=\mathgroup6
LaTeX Font Info:    Overwriting symbol font `legacymaths' in version `bold'
(Font)                  OT1/cmr/m/n --> OT1/cmr/bx/n on input line 45.
LaTeX Font Info:    Redeclaring math accent \acute on input line 45.
LaTeX Font Info:    Redeclaring math accent \grave on input line 45.
LaTeX Font Info:    Redeclaring math accent \ddot on input line 45.
LaTeX Font Info:    Redeclaring math accent \tilde on input line 45.
LaTeX Font Info:    Redeclaring math accent \bar on input line 45.
LaTeX Font Info:    Redeclaring math accent \breve on input line 45.
LaTeX Font Info:    Redeclaring math accent \check on input line 45.
LaTeX Font Info:    Redeclaring math accent \hat on input line 45.
LaTeX Font Info:    Redeclaring math accent \dot on input line 45.
LaTeX Font Info:    Redeclaring math accent \mathring on input line 45.
LaTeX Font Info:    Redeclaring math symbol \Gamma on input line 45.
LaTeX Font Info:    Redeclaring math symbol \Delta on input line 45.
LaTeX Font Info:    Redeclaring math symbol \Theta on input line 45.
LaTeX Font Info:    Redeclaring math symbol \Lambda on input line 45.
LaTeX Font Info:    Redeclaring math symbol \Xi on input line 45.
LaTeX Font Info:    Redeclaring math symbol \Pi on input line 45.
LaTeX Font Info:    Redeclaring math symbol \Sigma on input line 45.
LaTeX Font Info:    Redeclaring math symbol \Upsilon on input line 45.
LaTeX Font Info:    Redeclaring math symbol \Phi on input line 45.
LaTeX Font Info:    Redeclaring math symbol \Psi on input line 45.
LaTeX Font Info:    Redeclaring math symbol \Omega on input line 45.
LaTeX Font Info:    Redeclaring math symbol \mathdollar on input line 45.
LaTeX Font Info:    Redeclaring symbol font `operators' on input line 45.
LaTeX Font Info:    Encoding `OT1' has changed to `TU' for symbol font
(Font)              `operators' in the math version `normal' on input line 45.
LaTeX Font Info:    Overwriting symbol font `operators' in version `normal'
(Font)                  OT1/cmr/m/n --> TU/lmr/m/n on input line 45.
LaTeX Font Info:    Encoding `OT1' has changed to `TU' for symbol font
(Font)              `operators' in the math version `bold' on input line 45.
LaTeX Font Info:    Overwriting symbol font `operators' in version `bold'
(Font)                  OT1/cmr/bx/n --> TU/lmr/m/n on input line 45.
LaTeX Font Info:    Overwriting symbol font `operators' in version `normal'
(Font)                  TU/lmr/m/n --> TU/lmr/m/n on input line 45.
LaTeX Font Info:    Overwriting math alphabet `\mathit' in version `normal'
(Font)                  OT1/cmr/m/it --> TU/lmr/m/it on input line 45.
LaTeX Font Info:    Overwriting math alphabet `\mathbf' in version `normal'
(Font)                  OT1/cmr/bx/n --> TU/lmr/b/n on input line 45.
LaTeX Font Info:    Overwriting math alphabet `\mathsf' in version `normal'
(Font)                  OT1/cmss/m/n --> TU/lmss/m/n on input line 45.
LaTeX Font Info:    Overwriting math alphabet `\mathtt' in version `normal'
(Font)                  OT1/cmtt/m/n --> TU/lmtt/m/n on input line 45.
LaTeX Font Info:    Overwriting symbol font `operators' in version `bold'
(Font)                  TU/lmr/m/n --> TU/lmr/b/n on input line 45.
LaTeX Font Info:    Overwriting math alphabet `\mathit' in version `bold'
(Font)                  OT1/cmr/bx/it --> TU/lmr/b/it on input line 45.
LaTeX Font Info:    Overwriting math alphabet `\mathsf' in version `bold'
(Font)                  OT1/cmss/bx/n --> TU/lmss/b/n on input line 45.
LaTeX Font Info:    Overwriting math alphabet `\mathtt' in version `bold'
(Font)                  OT1/cmtt/m/n --> TU/lmtt/b/n on input line 45.

*geometry* driver: auto-detecting
*geometry* detected driver: xetex
*geometry* verbose mode - [ preamble ] result:
* driver: xetex
* paper: a4paper
* layout: <same size as paper>
* layoutoffset:(h,v)=(0.0pt,0.0pt)
* modes: 
* h-part:(L,W,R)=(56.9055pt, 483.69687pt, 56.9055pt)
* v-part:(T,H,B)=(90.47955pt, 664.08774pt, 90.47955pt)
* \paperwidth=597.50787pt
* \paperheight=845.04684pt
* \textwidth=483.69687pt
* \textheight=664.08774pt
* \oddsidemargin=-15.36449pt
* \evensidemargin=-15.36449pt
* \topmargin=-18.79044pt
* \headheight=12.0pt
* \headsep=25.0pt
* \topskip=10.0pt
* \footskip=30.0pt
* \marginparwidth=57.0pt
* \marginparsep=11.0pt
* \columnsep=10.0pt
* \skip\footins=9.0pt plus 4.0pt minus 2.0pt
* \hoffset=0.0pt
* \voffset=0.0pt
* \mag=1000
* \@twocolumnfalse
* \@twosidefalse
* \@mparswitchfalse
* \@reversemarginfalse
* (1in=72.27pt=25.4mm, 1cm=28.453pt)

Package pgfplots notification 'compat/show suggested version=true': you might b
enefit from \pgfplotsset{compat=1.18} (current compat level: 1.6).

Package hyperref Info: Link coloring OFF on input line 45.
(/usr/local/texlive/2022/texmf-dist/tex/latex/hyperref/nameref.sty
Package: nameref 2021-04-02 v2.47 Cross-referencing by name of section

(/usr/local/texlive/2022/texmf-dist/tex/latex/refcount/refcount.sty
Package: refcount 2019/12/15 v3.6 Data extraction from label references (HO)
)
(/usr/local/texlive/2022/texmf-dist/tex/generic/gettitlestring/gettitlestring.s
ty
Package: gettitlestring 2019/12/15 v1.6 Cleanup title references (HO)
)
\c@section@level=\count417
)
LaTeX Info: Redefining \ref on input line 45.
LaTeX Info: Redefining \pageref on input line 45.
LaTeX Info: Redefining \nameref on input line 45.
 (./document.out) (./document.out)
\@outlinefile=\write6
\openout6 = `document.out'.

Package caption Info: Begin \AtBeginDocument code.
Package caption Info: End \AtBeginDocument code.
LaTeX Font Info:    External font `cmex7' loaded for size
(Font)              <6> on input line 56.
LaTeX Font Info:    Trying to load font information for U+msa on input line 56.


(/usr/local/texlive/2022/texmf-dist/tex/latex/amsfonts/umsa.fd
File: umsa.fd 2013/01/14 v3.01 AMS symbols A
)
LaTeX Font Info:    Trying to load font information for U+msb on input line 56.


(/usr/local/texlive/2022/texmf-dist/tex/latex/amsfonts/umsb.fd
File: umsb.fd 2013/01/14 v3.01 AMS symbols B
)

Package fontspec Warning: Font "STFangsong" does not contain requested Script
(fontspec)                "CJK".


Package fontspec Info: Could not resolve font "STFangsong/BI" (it probably
(fontspec)             doesn't exist).


Package fontspec Info: Could not resolve font "STFangsong/B" (it probably
(fontspec)             doesn't exist).


Package fontspec Info: Could not resolve font "STFangsong/I" (it probably
(fontspec)             doesn't exist).


Package fontspec Info: Font family 'STFangsong(0)' created for font
(fontspec)             'STFangsong' with options [Script={CJK}].
(fontspec)              
(fontspec)              This font family consists of the following NFSS
(fontspec)             series/shapes:
(fontspec)              
(fontspec)             - 'normal' (m/n) with NFSS spec.:
(fontspec)             <->"STFangsong/OT:language=dflt;"
(fontspec)             - 'small caps'  (m/sc) with NFSS spec.: 

LaTeX Font Info:    External font `cmex7' loaded for size
(Font)              <7> on input line 56.
[1

]
Underfull \hbox (badness 10000) in paragraph at lines 59--60

 []


Underfull \hbox (badness 10000) in paragraph at lines 61--62

 []

LaTeX Font Info:    External font `cmex7' loaded for size
(Font)              <5> on input line 63.

LaTeX Warning: Command \^ invalid in math mode on input line 63.

\openout5 = `document.pyg'.

(./_minted-document/xcode.pygstyle)
(./_minted-document/640057D242E386D2A780271FF007F84BBCC7F6CD70DE7F5AE779B98A04E
92B2B.pygtex)
\openout5 = `document.pyg'.


(./_minted-document/448F3103C2BE3D5533936429CBE25C76BCC7F6CD70DE7F5AE779B98A04E
92B2B.pygtex)
\openout5 = `document.pyg'.


(./_minted-document/C43E9DD289993055629E093D1BE203C6BCC7F6CD70DE7F5AE779B98A04E
92B2B.pygtex)
\openout5 = `document.pyg'.


(./_minted-document/09ABF93CE89E405C9BE3DD72513160CABCC7F6CD70DE7F5AE779B98A04E
92B2B.pygtex)
Underfull \hbox (badness 10000) in paragraph at lines 63--64

 []

\openout5 = `document.pyg'.


(./_minted-document/97AE0806D11D9A191B07544B9C8FD96EBCC7F6CD70DE7F5AE779B98A04E
92B2B.pygtex)
\openout5 = `document.pyg'.


(./_minted-document/B3D8A74AF5957622A05A7AA251E68935BCC7F6CD70DE7F5AE779B98A04E
92B2B.pygtex)
\openout5 = `document.pyg'.


(./_minted-document/40BC979FC51C312C66F13621C9C53E84BCC7F6CD70DE7F5AE779B98A04E
92B2B.pygtex)
\openout5 = `document.pyg'.


(./_minted-document/6EF9AA8C5BA3356EC387AD031B5F84B4BCC7F6CD70DE7F5AE779B98A04E
92B2B.pygtex)
Underfull \hbox (badness 10000) in paragraph at lines 69--70

 []

\openout5 = `document.pyg'.


(./_minted-document/099C12EB0612AF0BC3781FCDEA84DDC0BCC7F6CD70DE7F5AE779B98A04E
92B2B.pygtex)
\openout5 = `document.pyg'.


(./_minted-document/6EF9AA8C5BA3356EC387AD031B5F84B4BCC7F6CD70DE7F5AE779B98A04E
92B2B.pygtex)
\openout5 = `document.pyg'.


(./_minted-document/976CEEE2D7CD86DF90FC7347A2A454F1BCC7F6CD70DE7F5AE779B98A04E
92B2B.pygtex)
\openout5 = `document.pyg'.


(./_minted-document/A94E22C2CCB98C7AB23B9A1CE322F4B9BCC7F6CD70DE7F5AE779B98A04E
92B2B.pygtex)
\openout5 = `document.pyg'.


(./_minted-document/AF84ED7AF8194FB33AB9C4C135DC1479BCC7F6CD70DE7F5AE779B98A04E
92B2B.pygtex)
\openout5 = `document.pyg'.


(./_minted-document/3E6702931D5B51D3F1B089940F07143CBCC7F6CD70DE7F5AE779B98A04E
92B2B.pygtex)
\openout5 = `document.pyg'.


(./_minted-document/9BC75B032EFDDCEABC577AB0A03C252ABCC7F6CD70DE7F5AE779B98A04E
92B2B.pygtex)
\openout5 = `document.pyg'.


(./_minted-document/E06CD975D0D1B511F71DE80CCC2C7DE6BCC7F6CD70DE7F5AE779B98A04E
92B2B.pygtex)
\openout5 = `document.pyg'.


(./_minted-document/40BC979FC51C312C66F13621C9C53E84BCC7F6CD70DE7F5AE779B98A04E
92B2B.pygtex)
\openout5 = `document.pyg'.


(./_minted-document/6B06FD4093404CD41926B30C1583BE72BCC7F6CD70DE7F5AE779B98A04E
92B2B.pygtex)
\openout5 = `document.pyg'.


(./_minted-document/8D303EC9531389AFFA14C49DBB41CCEEBCC7F6CD70DE7F5AE779B98A04E
92B2B.pygtex)
\openout5 = `document.pyg'.


(./_minted-document/64DE1822FDCFCE773D9DB1EF5BACB5A4BCC7F6CD70DE7F5AE779B98A04E
92B2B.pygtex)
\openout5 = `document.pyg'.


(./_minted-document/F7F736187759B84999075D0628963CCABCC7F6CD70DE7F5AE779B98A04E
92B2B.pygtex)
\openout5 = `document.pyg'.


(./_minted-document/B27DBEEB710B49CE7C70872DA1626F3FBCC7F6CD70DE7F5AE779B98A04E
92B2B.pygtex)
\openout5 = `document.pyg'.


(./_minted-document/97AE0806D11D9A191B07544B9C8FD96EBCC7F6CD70DE7F5AE779B98A04E
92B2B.pygtex)
\openout5 = `document.pyg'.


(./_minted-document/B3D8A74AF5957622A05A7AA251E68935BCC7F6CD70DE7F5AE779B98A04E
92B2B.pygtex)
LaTeX Font Info:    Font shape `TU/SongtiSCLight(0)/m/sl' in size <10> not avai
lable
(Font)              Font shape `TU/SongtiSCLight(0)/m/it' tried instead on inpu
t line 110.
 [2]
\openout5 = `document.pyg'.


(./_minted-document/774E539FEA878CBEFC1C1FD9C3BFE833BCC7F6CD70DE7F5AE779B98A04E
92B2B.pygtex)
\openout5 = `document.pyg'.


(./_minted-document/3A958C46F62BF8F745E8C3EA2FADE02CBCC7F6CD70DE7F5AE779B98A04E
92B2B.pygtex)
\openout5 = `document.pyg'.


(./_minted-document/C0F450E22DE88AC1D91DFEC58AFCAFC3BCC7F6CD70DE7F5AE779B98A04E
92B2B.pygtex)
\openout5 = `document.pyg'.


(./_minted-document/141D62264F46B7B7A7C63F321330AA99BCC7F6CD70DE7F5AE779B98A04E
92B2B.pygtex)
\openout5 = `document.pyg'.


(./_minted-document/E5F704125FF6A43BAF1A3F5CFCD78615BCC7F6CD70DE7F5AE779B98A04E
92B2B.pygtex)
\openout5 = `document.pyg'.


(./_minted-document/F57104527D3916ACB2289CD354B879B4BCC7F6CD70DE7F5AE779B98A04E
92B2B.pygtex)
\openout5 = `document.pyg'.


(./_minted-document/97AE0806D11D9A191B07544B9C8FD96EBCC7F6CD70DE7F5AE779B98A04E
92B2B.pygtex)
\openout5 = `document.pyg'.


(./_minted-document/B3D8A74AF5957622A05A7AA251E68935BCC7F6CD70DE7F5AE779B98A04E
92B2B.pygtex)
\openout5 = `document.pyg'.


(./_minted-document/97AE0806D11D9A191B07544B9C8FD96EBCC7F6CD70DE7F5AE779B98A04E
92B2B.pygtex)
\openout5 = `document.pyg'.


(./_minted-document/FDC7E1257006FEE05FC2BD4A3C913349BCC7F6CD70DE7F5AE779B98A04E
92B2B.pygtex)
\openout5 = `document.pyg'.


(./_minted-document/2CD6EE2C70B0BDE53FBE6CAC3C8B8BB1BCC7F6CD70DE7F5AE779B98A04E
92B2B.pygtex)
\openout5 = `document.pyg'.


(./_minted-document/08DBEDC7FA19D4145B41B1C89F49A069BCC7F6CD70DE7F5AE779B98A04E
92B2B.pygtex)
\openout5 = `document.pyg'.


(./_minted-document/97AE0806D11D9A191B07544B9C8FD96EBCC7F6CD70DE7F5AE779B98A04E
92B2B.pygtex)
\openout5 = `document.pyg'.


(./_minted-document/2CD6EE2C70B0BDE53FBE6CAC3C8B8BB1BCC7F6CD70DE7F5AE779B98A04E
92B2B.pygtex)
\openout5 = `document.pyg'.


(./_minted-document/B3D8A74AF5957622A05A7AA251E68935BCC7F6CD70DE7F5AE779B98A04E
92B2B.pygtex)
\openout5 = `document.pyg'.


(./_minted-document/2CD6EE2C70B0BDE53FBE6CAC3C8B8BB1BCC7F6CD70DE7F5AE779B98A04E
92B2B.pygtex)
\openout5 = `document.pyg'.


(./_minted-document/2CD6EE2C70B0BDE53FBE6CAC3C8B8BB1BCC7F6CD70DE7F5AE779B98A04E
92B2B.pygtex)
\openout5 = `document.pyg'.


(./_minted-document/7CDF87C7A7BDC5B88EF4172743E70FB1BCC7F6CD70DE7F5AE779B98A04E
92B2B.pygtex)
\openout5 = `document.pyg'.


(./_minted-document/AC2C3E39B657068B70CF0DE12AA1F761BCC7F6CD70DE7F5AE779B98A04E
92B2B.pygtex)
\openout5 = `document.pyg'.


(./_minted-document/3E6283545414AE6ADEA9A581B98C06FFBCC7F6CD70DE7F5AE779B98A04E
92B2B.pygtex)
\openout5 = `document.pyg'.


(./_minted-document/2CD6EE2C70B0BDE53FBE6CAC3C8B8BB1BCC7F6CD70DE7F5AE779B98A04E
92B2B.pygtex)
\openout5 = `document.pyg'.


(./_minted-document/97AE0806D11D9A191B07544B9C8FD96EBCC7F6CD70DE7F5AE779B98A04E
92B2B.pygtex)
\openout5 = `document.pyg'.


(./_minted-document/2CD6EE2C70B0BDE53FBE6CAC3C8B8BB1BCC7F6CD70DE7F5AE779B98A04E
92B2B.pygtex)
\openout5 = `document.pyg'.


(./_minted-document/464CA77498D4286388932EEC6AB0B8B2BCC7F6CD70DE7F5AE779B98A04E
92B2B.pygtex)
\openout5 = `document.pyg'.


(./_minted-document/B3D8A74AF5957622A05A7AA251E68935BCC7F6CD70DE7F5AE779B98A04E
92B2B.pygtex)
\openout5 = `document.pyg'.


(./_minted-document/1597A5A9948014489DE663C8FB4438DBBCC7F6CD70DE7F5AE779B98A04E
92B2B.pygtex)
\openout5 = `document.pyg'.


(./_minted-document/763950971C8C6D8DF8A87A1E752799A9BCC7F6CD70DE7F5AE779B98A04E
92B2B.pygtex)
\openout5 = `document.pyg'.


(./_minted-document/97AE0806D11D9A191B07544B9C8FD96EBCC7F6CD70DE7F5AE779B98A04E
92B2B.pygtex)
\openout5 = `document.pyg'.


(./_minted-document/253BCAC7DD806BB7CF57DC19F71F2FA0BCC7F6CD70DE7F5AE779B98A04E
92B2B.pygtex)
\openout5 = `document.pyg'.


(./_minted-document/958BDE10DDAE5741F6466086335B9564BCC7F6CD70DE7F5AE779B98A04E
92B2B.pygtex)
\openout5 = `document.pyg'.


(./_minted-document/B3D8A74AF5957622A05A7AA251E68935BCC7F6CD70DE7F5AE779B98A04E
92B2B.pygtex)
Overfull \hbox (25.11308pt too wide) in paragraph at lines 130--131
[]\TU/SongtiSCLight(0)/m/n/10 []|   []      [][]|  []  []|  
     []|
 []

\openout5 = `document.pyg'.


(./_minted-document/FBC51D9504DF4BDF25E027A1B565DBFFBCC7F6CD70DE7F5AE779B98A04E
92B2B.pygtex)
\openout5 = `document.pyg'.


(./_minted-document/39D2AF2F891DC847B0EB9E82C99D72A6BCC7F6CD70DE7F5AE779B98A04E
92B2B.pygtex)
\openout5 = `document.pyg'.


(./_minted-document/97AE0806D11D9A191B07544B9C8FD96EBCC7F6CD70DE7F5AE779B98A04E
92B2B.pygtex)
\openout5 = `document.pyg'.


(./_minted-document/78A7F0896C90876A535309D685012CC5BCC7F6CD70DE7F5AE779B98A04E
92B2B.pygtex)
\openout5 = `document.pyg'.


(./_minted-document/2CD6EE2C70B0BDE53FBE6CAC3C8B8BB1BCC7F6CD70DE7F5AE779B98A04E
92B2B.pygtex)
\openout5 = `document.pyg'.


(./_minted-document/2CD6EE2C70B0BDE53FBE6CAC3C8B8BB1BCC7F6CD70DE7F5AE779B98A04E
92B2B.pygtex)
\openout4 = `document.pyg'.


(./_minted-document/A8509F0F7C946A57AFAD30C0B3FEC9989D0E672DA9B9BF782520D650C44
C04B7.pygtex [3])
\openout5 = `document.pyg'.


(./_minted-document/30658BCB90A3B7C3534A83F6EE9D8EE3BCC7F6CD70DE7F5AE779B98A04E
92B2B.pygtex)
\openout5 = `document.pyg'.


(./_minted-document/1A42C86361B08BA7041B2F8FE4A56568BCC7F6CD70DE7F5AE779B98A04E
92B2B.pygtex)
\openout5 = `document.pyg'.


(./_minted-document/6EF9AA8C5BA3356EC387AD031B5F84B4BCC7F6CD70DE7F5AE779B98A04E
92B2B.pygtex)
\openout5 = `document.pyg'.


(./_minted-document/40BC979FC51C312C66F13621C9C53E84BCC7F6CD70DE7F5AE779B98A04E
92B2B.pygtex)
\openout5 = `document.pyg'.


(./_minted-document/F8076A3C56FFA97E4D11DD407BA9BD5DBCC7F6CD70DE7F5AE779B98A04E
92B2B.pygtex)
\openout5 = `document.pyg'.


(./_minted-document/203D4B875FF8000719B2C3EFF6E6F264BCC7F6CD70DE7F5AE779B98A04E
92B2B.pygtex)
\openout5 = `document.pyg'.


(./_minted-document/401B30E3B8B5D629635A5C613CDB7919BCC7F6CD70DE7F5AE779B98A04E
92B2B.pygtex)
\openout5 = `document.pyg'.


(./_minted-document/872466FA2D5613756E762C0EC972EBB0BCC7F6CD70DE7F5AE779B98A04E
92B2B.pygtex)
\openout5 = `document.pyg'.


(./_minted-document/471712E1510B7EFC0683C632EAD2B512BCC7F6CD70DE7F5AE779B98A04E
92B2B.pygtex)
\openout5 = `document.pyg'.


(./_minted-document/EA6B6A9A95B04B243CAEE5045BE9B4B6BCC7F6CD70DE7F5AE779B98A04E
92B2B.pygtex)
\openout5 = `document.pyg'.


(./_minted-document/401B30E3B8B5D629635A5C613CDB7919BCC7F6CD70DE7F5AE779B98A04E
92B2B.pygtex)
Underfull \hbox (badness 10000) in paragraph at lines 192--193

 []

\openout4 = `document.pyg'.


(./_minted-document/280AA8DA5F91D12733D6B382274AEF5B9D0E672DA9B9BF782520D650C44
C04B7.pygtex [4])
\openout5 = `document.pyg'.


(./_minted-document/290D49F8DE8A607DFA2AABE9D9136399BCC7F6CD70DE7F5AE779B98A04E
92B2B.pygtex)
\openout5 = `document.pyg'.


(./_minted-document/2CD6EE2C70B0BDE53FBE6CAC3C8B8BB1BCC7F6CD70DE7F5AE779B98A04E
92B2B.pygtex)
\openout5 = `document.pyg'.


(./_minted-document/2077C7C05BB9AC49601C455157226E7EBCC7F6CD70DE7F5AE779B98A04E
92B2B.pygtex)
\openout4 = `document.pyg'.


(./_minted-document/35E46217686125A8161E9DF4E8B1A3DB9D0E672DA9B9BF782520D650C44
C04B7.pygtex [5]
Missing character: There is no  (U+03B8) in font [lmmono10-regular]:!
Missing character: There is no  (U+03B8) in font [lmmono10-regular]:!
Missing character: There is no  (U+03B8) in font [lmmono10-regular]:!
[6])
\openout5 = `document.pyg'.


(./_minted-document/F6DA19113DF2B0F79815FF6A47DDE6B8BCC7F6CD70DE7F5AE779B98A04E
92B2B.pygtex)
\openout5 = `document.pyg'.


(./_minted-document/97AE0806D11D9A191B07544B9C8FD96EBCC7F6CD70DE7F5AE779B98A04E
92B2B.pygtex)
\openout5 = `document.pyg'.


(./_minted-document/2F133C6C31B76EABDF8C944AF6204D61BCC7F6CD70DE7F5AE779B98A04E
92B2B.pygtex)
\openout5 = `document.pyg'.


(./_minted-document/C262556CB8D5457675D72C5A66830591BCC7F6CD70DE7F5AE779B98A04E
92B2B.pygtex)
\openout5 = `document.pyg'.


(./_minted-document/E5EDE1D1052642888FD18B457AEF0DCEBCC7F6CD70DE7F5AE779B98A04E
92B2B.pygtex)
\openout5 = `document.pyg'.


(./_minted-document/2CD6EE2C70B0BDE53FBE6CAC3C8B8BB1BCC7F6CD70DE7F5AE779B98A04E
92B2B.pygtex)
\openout5 = `document.pyg'.


(./_minted-document/FDC7E1257006FEE05FC2BD4A3C913349BCC7F6CD70DE7F5AE779B98A04E
92B2B.pygtex)
\openout5 = `document.pyg'.


(./_minted-document/9903A39F7980AA50E03CDB5C48D3A47CBCC7F6CD70DE7F5AE779B98A04E
92B2B.pygtex)
\openout5 = `document.pyg'.


(./_minted-document/C1096DB399F84B204DD0A32F78C90374BCC7F6CD70DE7F5AE779B98A04E
92B2B.pygtex)
\openout5 = `document.pyg'.


(./_minted-document/ABD48B2E7F8C33B45C3B00A9CA2AF8C4BCC7F6CD70DE7F5AE779B98A04E
92B2B.pygtex)
\openout5 = `document.pyg'.


(./_minted-document/3FCC00088A203600BBED4CB0F5236473BCC7F6CD70DE7F5AE779B98A04E
92B2B.pygtex)
\openout5 = `document.pyg'.


(./_minted-document/38817349D47D46BC49F849586B7B6E6FBCC7F6CD70DE7F5AE779B98A04E
92B2B.pygtex)
\openout5 = `document.pyg'.


(./_minted-document/E63064A65265ED85F3A9066E1D8D9134BCC7F6CD70DE7F5AE779B98A04E
92B2B.pygtex)
\openout5 = `document.pyg'.


(./_minted-document/3AC0DF296C1D775AC2837248783DC96EBCC7F6CD70DE7F5AE779B98A04E
92B2B.pygtex)
\openout5 = `document.pyg'.


(./_minted-document/3FCC00088A203600BBED4CB0F5236473BCC7F6CD70DE7F5AE779B98A04E
92B2B.pygtex)
\openout5 = `document.pyg'.


(./_minted-document/38817349D47D46BC49F849586B7B6E6FBCC7F6CD70DE7F5AE779B98A04E
92B2B.pygtex)
\openout5 = `document.pyg'.


(./_minted-document/E63064A65265ED85F3A9066E1D8D9134BCC7F6CD70DE7F5AE779B98A04E
92B2B.pygtex)
\openout5 = `document.pyg'.


(./_minted-document/3AC0DF296C1D775AC2837248783DC96EBCC7F6CD70DE7F5AE779B98A04E
92B2B.pygtex)
\openout4 = `document.pyg'.


(./_minted-document/450684CAD59FDD461F70FB4875C2C5309D0E672DA9B9BF782520D650C44
C04B7.pygtex [7] [8])
Underfull \hbox (badness 10000) in paragraph at lines 396--397

 []

[9]
\openout5 = `document.pyg'.


(./_minted-document/FDCB9A8DFC24CF4FCDC51C170DEEC0C6BCC7F6CD70DE7F5AE779B98A04E
92B2B.pygtex) [10]
\openout4 = `document.pyg'.

runsystem(pygmentize -l C++ -f latex -P commandprefix=PYG -F tokenmerge -P stri
pnl=False -P mathescape=True -F gobble:n=2 -o _minted-document/95AC5C749CE82F8F
0B6B4340E5DC8BE49D0E672DA9B9BF782520D650C44C04B7.pygtex document.pyg)...execute
d.


(./_minted-document/95AC5C749CE82F8F0B6B4340E5DC8BE49D0E672DA9B9BF782520D650C44
C04B7.pygtex [11] [12] [13] [14] [15]
Missing character: There is no  (U+03B8) in font [lmmono10-regular]:!
Missing character: There is no  (U+03B8) in font [lmmono10-regular]:!
Missing character: There is no  (U+03B8) in font [lmmono10-regular]:!
[16])
runsystem(rm _minted-document/D86A33DF55944E0B16AB6E9A478674349D0E672DA9B9BF782
520D650C44C04B7.pygtex)...executed.

 [17] (./document.aux)
Package rerunfilecheck Info: File `document.out' has not changed.
(rerunfilecheck)             Checksum: D4106C6D296C1908AEB8ECC78E9BFF65;1486.
runsystem(rm document.pyg)...executed.

 ) 
Here is how much of TeX's memory you used:
 50293 strings out of 476179
 1284694 string characters out of 5809544
 1743901 words of memory out of 5000000
 69964 multiletter control sequences out of 15000+600000
 479008 words of font info for 100 fonts, out of 8000000 for 9000
 1348 hyphenation exceptions out of 8191
 100i,12n,104p,863b,857s stack positions out of 10000i,1000n,20000p,200000b,200000s

Output written on document.pdf (17 pages).
